Copyright 1986-2018 Xilinx, Inc. All Rights Reserved.
-------------------------------------------------------------------------------------------------------------------------------------------------------------------------------------
| Tool Version     : Vivado v.2018.2 (win64) Build 2258646 Thu Jun 14 20:03:12 MDT 2018
| Date             : Fri Jun 27 21:42:25 2025
| Host             : Chen running 64-bit major release  (build 9200)
| Command          : report_power -file HDMI_AXI_LITE_wrapper_power_routed.rpt -pb HDMI_AXI_LITE_wrapper_power_summary_routed.pb -rpx HDMI_AXI_LITE_wrapper_power_routed.rpx
| Design           : HDMI_AXI_LITE_wrapper
| Device           : xc7z020clg484-1
| Design State     : routed
| Grade            : commercial
| Process          : typical
| Characterization : Production
-------------------------------------------------------------------------------------------------------------------------------------------------------------------------------------

Power Report

Table of Contents
-----------------
1. Summary
1.1 On-Chip Components
1.2 Power Supply Summary
1.3 Confidence Level
2. Settings
2.1 Environment
2.2 Clock Constraints
3. Detailed Reports
3.1 By Hierarchy

1. Summary
----------

+--------------------------+--------------+
| Total On-Chip Power (W)  | 1.773        |
| Design Power Budget (W)  | Unspecified* |
| Power Budget Margin (W)  | NA           |
| Dynamic (W)              | 1.627        |
| Device Static (W)        | 0.146        |
| Effective TJA (C/W)      | 11.5         |
| Max Ambient (C)          | 64.6         |
| Junction Temperature (C) | 45.4         |
| Confidence Level         | Medium       |
| Setting File             | ---          |
| Simulation Activity File | ---          |
| Design Nets Matched      | NA           |
+--------------------------+--------------+
* Specify Design Power Budget using, set_operating_conditions -design_power_budget <value in Watts>


1.1 On-Chip Components
----------------------

+-------------------------+-----------+----------+-----------+-----------------+
| On-Chip                 | Power (W) | Used     | Available | Utilization (%) |
+-------------------------+-----------+----------+-----------+-----------------+
| Clocks                  |     0.010 |        3 |       --- |             --- |
| Slice Logic             |     0.003 |     2438 |       --- |             --- |
|   LUT as Logic          |     0.002 |      813 |     53200 |            1.53 |
|   Register              |    <0.001 |     1046 |    106400 |            0.98 |
|   CARRY4                |    <0.001 |       32 |     13300 |            0.24 |
|   F7/F8 Muxes           |    <0.001 |       28 |     53200 |            0.05 |
|   LUT as Shift Register |    <0.001 |       62 |     17400 |            0.36 |
|   Others                |     0.000 |      266 |       --- |             --- |
| Signals                 |     0.007 |     1923 |       --- |             --- |
| Block RAM               |     0.029 |     26.5 |       140 |           18.93 |
| DSPs                    |     0.001 |        1 |       220 |            0.45 |
| I/O                     |     0.054 |       26 |       200 |           13.00 |
| PS7                     |     1.523 |        1 |       --- |             --- |
| Static Power            |     0.146 |          |           |                 |
| Total                   |     1.773 |          |           |                 |
+-------------------------+-----------+----------+-----------+-----------------+


1.2 Power Supply Summary
------------------------

+-----------+-------------+-----------+-------------+------------+
| Source    | Voltage (V) | Total (A) | Dynamic (A) | Static (A) |
+-----------+-------------+-----------+-------------+------------+
| Vccint    |       1.000 |     0.063 |       0.046 |      0.016 |
| Vccaux    |       1.800 |     0.017 |       0.002 |      0.016 |
| Vcco33    |       3.300 |     0.016 |       0.015 |      0.001 |
| Vcco25    |       2.500 |     0.000 |       0.000 |      0.000 |
| Vcco18    |       1.800 |     0.000 |       0.000 |      0.000 |
| Vcco15    |       1.500 |     0.000 |       0.000 |      0.000 |
| Vcco135   |       1.350 |     0.000 |       0.000 |      0.000 |
| Vcco12    |       1.200 |     0.000 |       0.000 |      0.000 |
| Vccaux_io |       1.800 |     0.000 |       0.000 |      0.000 |
| Vccbram   |       1.000 |     0.005 |       0.003 |      0.003 |
| MGTAVcc   |       1.000 |     0.000 |       0.000 |      0.000 |
| MGTAVtt   |       1.200 |     0.000 |       0.000 |      0.000 |
| MGTVccaux |       1.800 |     0.000 |       0.000 |      0.000 |
| Vccpint   |       1.000 |     0.751 |       0.720 |      0.031 |
| Vccpaux   |       1.800 |     0.061 |       0.050 |      0.010 |
| Vccpll    |       1.800 |     0.017 |       0.014 |      0.003 |
| Vcco_ddr  |       1.500 |     0.459 |       0.457 |      0.002 |
| Vcco_mio0 |       1.800 |     0.000 |       0.000 |      0.000 |
| Vcco_mio1 |       1.800 |     0.002 |       0.001 |      0.001 |
| Vccadc    |       1.800 |     0.020 |       0.000 |      0.020 |
+-----------+-------------+-----------+-------------+------------+


1.3 Confidence Level
--------------------

+-----------------------------+------------+------------------------------------------------+------------------------------------------------------------------------------------------------------------+
| User Input Data             | Confidence | Details                                        | Action                                                                                                     |
+-----------------------------+------------+------------------------------------------------+------------------------------------------------------------------------------------------------------------+
| Design implementation state | High       | Design is routed                               |                                                                                                            |
| Clock nodes activity        | High       | User specified more than 95% of clocks         |                                                                                                            |
| I/O nodes activity          | High       | User specified more than 95% of inputs         |                                                                                                            |
| Internal nodes activity     | Medium     | User specified less than 25% of internal nodes | Provide missing internal nodes activity with simulation results or by editing the "By Resource Type" views |
| Device models               | High       | Device models are Production                   |                                                                                                            |
|                             |            |                                                |                                                                                                            |
| Overall confidence level    | Medium     |                                                |                                                                                                            |
+-----------------------------+------------+------------------------------------------------+------------------------------------------------------------------------------------------------------------+


2. Settings
-----------

2.1 Environment
---------------

+-----------------------+------------------------+
| Ambient Temp (C)      | 25.0                   |
| ThetaJA (C/W)         | 11.5                   |
| Airflow (LFM)         | 250                    |
| Heat Sink             | none                   |
| ThetaSA (C/W)         | 0.0                    |
| Board Selection       | medium (10"x10")       |
| # of Board Layers     | 8to11 (8 to 11 Layers) |
| Board Temperature (C) | 25.0                   |
+-----------------------+------------------------+


2.2 Clock Constraints
---------------------

+------------+------------------------------------------------------------------+-----------------+
| Clock      | Domain                                                           | Constraint (ns) |
+------------+------------------------------------------------------------------+-----------------+
| clk_fpga_0 | HDMI_AXI_LITE_i/processing_system7_0/inst/FCLK_CLK_unbuffered[0] |             6.7 |
+------------+------------------------------------------------------------------+-----------------+


3. Detailed Reports
-------------------

3.1 By Hierarchy
----------------

+-----------------------------------------------------------------------------+-----------+
| Name                                                                        | Power (W) |
+-----------------------------------------------------------------------------+-----------+
| HDMI_AXI_LITE_wrapper                                                       |     1.627 |
|   HDMI_AXI_LITE_i                                                           |     1.572 |
|     HDMI_AXI_LITE_0                                                         |     0.037 |
|       inst                                                                  |     0.037 |
|         HDMI_AXI_LITE_v1_0_S00_AXI_inst                                     |     0.037 |
|           zedboard_hdmi                                                     |     0.036 |
|             color_gen                                                       |     0.035 |
|               u_convert                                                     |    <0.001 |
|               u_pic_rom                                                     |     0.030 |
|                 U0                                                          |     0.030 |
|                   inst_blk_mem_gen                                          |     0.030 |
|                     gnbram.gnativebmg.native_blk_mem_gen                    |     0.030 |
|                       valid.cstr                                            |     0.030 |
|                         bindec_a.bindec_inst_a                              |    <0.001 |
|                         bindec_b.bindec_inst_b                              |     0.000 |
|                         has_mux_a.A                                         |    <0.001 |
|                         ramloop[0].ram.r                                    |     0.003 |
|                           prim_init.ram                                     |     0.003 |
|                         ramloop[10].ram.r                                   |    <0.001 |
|                           prim_init.ram                                     |    <0.001 |
|                         ramloop[11].ram.r                                   |     0.003 |
|                           prim_init.ram                                     |     0.003 |
|                         ramloop[12].ram.r                                   |     0.001 |
|                           prim_init.ram                                     |     0.001 |
|                         ramloop[13].ram.r                                   |    <0.001 |
|                           prim_init.ram                                     |    <0.001 |
|                         ramloop[14].ram.r                                   |    <0.001 |
|                           prim_init.ram                                     |    <0.001 |
|                         ramloop[15].ram.r                                   |    <0.001 |
|                           prim_init.ram                                     |    <0.001 |
|                         ramloop[16].ram.r                                   |    <0.001 |
|                           prim_init.ram                                     |    <0.001 |
|                         ramloop[17].ram.r                                   |    <0.001 |
|                           prim_init.ram                                     |    <0.001 |
|                         ramloop[18].ram.r                                   |    <0.001 |
|                           prim_init.ram                                     |    <0.001 |
|                         ramloop[19].ram.r                                   |    <0.001 |
|                           prim_init.ram                                     |    <0.001 |
|                         ramloop[1].ram.r                                    |    <0.001 |
|                           prim_init.ram                                     |    <0.001 |
|                         ramloop[20].ram.r                                   |    <0.001 |
|                           prim_init.ram                                     |    <0.001 |
|                         ramloop[21].ram.r                                   |    <0.001 |
|                           prim_init.ram                                     |    <0.001 |
|                         ramloop[22].ram.r                                   |    <0.001 |
|                           prim_init.ram                                     |    <0.001 |
|                         ramloop[23].ram.r                                   |    <0.001 |
|                           prim_init.ram                                     |    <0.001 |
|                         ramloop[24].ram.r                                   |    <0.001 |
|                           prim_init.ram                                     |    <0.001 |
|                         ramloop[25].ram.r                                   |    <0.001 |
|                           prim_init.ram                                     |    <0.001 |
|                         ramloop[26].ram.r                                   |     0.007 |
|                           prim_init.ram                                     |     0.007 |
|                         ramloop[2].ram.r                                    |    <0.001 |
|                           prim_init.ram                                     |    <0.001 |
|                         ramloop[3].ram.r                                    |     0.003 |
|                           prim_init.ram                                     |     0.003 |
|                         ramloop[4].ram.r                                    |    <0.001 |
|                           prim_init.ram                                     |    <0.001 |
|                         ramloop[5].ram.r                                    |     0.003 |
|                           prim_init.ram                                     |     0.003 |
|                         ramloop[6].ram.r                                    |    <0.001 |
|                           prim_init.ram                                     |    <0.001 |
|                         ramloop[7].ram.r                                    |    <0.001 |
|                           prim_init.ram                                     |    <0.001 |
|                         ramloop[8].ram.r                                    |     0.003 |
|                           prim_init.ram                                     |     0.003 |
|                         ramloop[9].ram.r                                    |     0.003 |
|                           prim_init.ram                                     |     0.003 |
|             u_i2c_sender                                                    |    <0.001 |
|     axi_gpio_0                                                              |    <0.001 |
|       U0                                                                    |    <0.001 |
|         AXI_LITE_IPIF_I                                                     |    <0.001 |
|           I_SLAVE_ATTACHMENT                                                |    <0.001 |
|             I_DECODER                                                       |    <0.001 |
|               MEM_DECODE_GEN[0].PER_CE_GEN[0].MULTIPLE_CES_THIS_CS_GEN.CE_I |    <0.001 |
|               MEM_DECODE_GEN[0].PER_CE_GEN[2].MULTIPLE_CES_THIS_CS_GEN.CE_I |    <0.001 |
|         gpio_core_1                                                         |    <0.001 |
|     processing_system7_0                                                    |     1.524 |
|       inst                                                                  |     1.524 |
|     ps7_0_axi_periph                                                        |     0.010 |
|       s00_couplers                                                          |     0.008 |
|         auto_pc                                                             |     0.008 |
|           inst                                                              |     0.008 |
|             gen_axilite.gen_b2s_conv.axilite_b2s                            |     0.008 |
|               RD.ar_channel_0                                               |     0.001 |
|                 ar_cmd_fsm_0                                                |    <0.001 |
|                 cmd_translator_0                                            |     0.001 |
|                   incr_cmd_0                                                |    <0.001 |
|                   wrap_cmd_0                                                |    <0.001 |
|               RD.r_channel_0                                                |     0.002 |
|                 rd_data_fifo_0                                              |     0.001 |
|                 transaction_fifo_0                                          |    <0.001 |
|               SI_REG                                                        |     0.003 |
|                 ar.ar_pipe                                                  |     0.001 |
|                 aw.aw_pipe                                                  |    <0.001 |
|                 b.b_pipe                                                    |    <0.001 |
|                 r.r_pipe                                                    |    <0.001 |
|               WR.aw_channel_0                                               |     0.001 |
|                 aw_cmd_fsm_0                                                |    <0.001 |
|                 cmd_translator_0                                            |    <0.001 |
|                   incr_cmd_0                                                |    <0.001 |
|                   wrap_cmd_0                                                |    <0.001 |
|               WR.b_channel_0                                                |    <0.001 |
|                 bid_fifo_0                                                  |    <0.001 |
|                 bresp_fifo_0                                                |    <0.001 |
|       xbar                                                                  |     0.002 |
|         inst                                                                |     0.002 |
|           gen_sasd.crossbar_sasd_0                                          |     0.002 |
|             addr_arbiter_inst                                               |    <0.001 |
|             gen_decerr.decerr_slave_inst                                    |    <0.001 |
|             reg_slice_r                                                     |    <0.001 |
|             splitter_ar                                                     |    <0.001 |
|             splitter_aw                                                     |    <0.001 |
|     rst_ps7_0_100M                                                          |    <0.001 |
|       U0                                                                    |    <0.001 |
|         EXT_LPF                                                             |    <0.001 |
|           ACTIVE_LOW_AUX.ACT_LO_AUX                                         |    <0.001 |
|           ACTIVE_LOW_EXT.ACT_LO_EXT                                         |    <0.001 |
|         SEQ                                                                 |    <0.001 |
|           SEQ_COUNTER                                                       |    <0.001 |
+-----------------------------------------------------------------------------+-----------+


