Copyright 1986-2018 Xilinx, Inc. All Rights Reserved.
------------------------------------------------------------------------------------------------------------------------------------------------------
| Tool Version : Vivado v.2018.2 (win64) Build 2258646 Thu Jun 14 20:03:12 MDT 2018
| Date         : Fri Jun 27 21:41:48 2025
| Host         : Chen running 64-bit major release  (build 9200)
| Command      : report_drc -file HDMI_AXI_LITE_wrapper_drc_opted.rpt -pb HDMI_AXI_LITE_wrapper_drc_opted.pb -rpx HDMI_AXI_LITE_wrapper_drc_opted.rpx
| Design       : HDMI_AXI_LITE_wrapper
| Device       : xc7z020clg484-1
| Speed File   : -1
| Design State : Synthesized
------------------------------------------------------------------------------------------------------------------------------------------------------

Report DRC

Table of Contents
-----------------
1. REPORT SUMMARY
2. REPORT DETAILS

1. REPORT SUMMARY
-----------------
            Netlist: netlist
          Floorplan: design_1
      Design limits: <entire design considered>
           Ruledeck: default
             Max violations: <unlimited>
             Violations found: 3
+--------+----------+---------------------------------+------------+
| Rule   | Severity | Description                     | Violations |
+--------+----------+---------------------------------+------------+
| DPIP-1 | Warning  | Input pipelining                | 1          |
| DPOP-2 | Warning  | MREG Output pipelining          | 1          |
| RPBF-3 | Warning  | IO port buffering is incomplete | 1          |
+--------+----------+---------------------------------+------------+

2. REPORT DETAILS
-----------------
DPIP-1#1 Warning
Input pipelining  
DSP HDMI_AXI_LITE_i/HDMI_AXI_LITE_0/inst/HDMI_AXI_LITE_v1_0_S00_AXI_inst/zedboard_hdmi/color_gen/addra_reg input HDMI_AXI_LITE_i/HDMI_AXI_LITE_0/inst/HDMI_AXI_LITE_v1_0_S00_AXI_inst/zedboard_hdmi/color_gen/addra_reg/C[47:0] is not pipelined. Pipelining DSP48 input will improve performance.
Related violations: <none>

DPOP-2#1 Warning
MREG Output pipelining  
DSP HDMI_AXI_LITE_i/HDMI_AXI_LITE_0/inst/HDMI_AXI_LITE_v1_0_S00_AXI_inst/zedboard_hdmi/color_gen/addra_reg multiplier stage HDMI_AXI_LITE_i/HDMI_AXI_LITE_0/inst/HDMI_AXI_LITE_v1_0_S00_AXI_inst/zedboard_hdmi/color_gen/addra_reg/P[47:0] is not pipelined (MREG=0). Pipelining the multiplier function will improve performance and will save significant power so it is suggested whenever possible to fully pipeline this function.  If this multiplier was inferred, it is suggested to describe an additional register stage after this function.  If there is no registered adder/accumulator following the multiply function, two pipeline stages are suggested to allow both the MREG and PREG registers to be used.  If the DSP48 was instantiated in the design, it is suggested to set both the MREG and PREG attributes to 1 when performing multiply functions.
Related violations: <none>

RPBF-3#1 Warning
IO port buffering is incomplete  
Device port hdmi_sda expects both input and output buffering but the buffers are incomplete.
Related violations: <none>


