Copyright 1986-2018 Xilinx, Inc. All Rights Reserved.
--------------------------------------------------------------------------------------------------
| Tool Version : Vivado v.2018.2 (win64) Build 2258646 Thu Jun 14 20:03:12 MDT 2018
| Date         : Fri Jun 27 21:42:01 2025
| Host         : Chen running 64-bit major release  (build 9200)
| Command      : report_control_sets -verbose -file HDMI_AXI_LITE_wrapper_control_sets_placed.rpt
| Design       : HDMI_AXI_LITE_wrapper
| Device       : xc7z020
--------------------------------------------------------------------------------------------------

Control Set Information

Table of Contents
-----------------
1. Summary
2. Histogram
3. Flip-Flop Distribution
4. Detailed Control Set Information

1. Summary
----------

+----------------------------------------------------------+-------+
|                          Status                          | Count |
+----------------------------------------------------------+-------+
| Number of unique control sets                            |    55 |
| Unused register locations in slices containing registers |    76 |
+----------------------------------------------------------+-------+


2. Histogram
------------

+--------+--------------+
| Fanout | Control Sets |
+--------+--------------+
|      2 |            1 |
|      4 |            1 |
|      8 |            8 |
|     10 |            2 |
|     12 |            1 |
|    16+ |           42 |
+--------+--------------+


3. Flip-Flop Distribution
-------------------------

+--------------+-----------------------+------------------------+-----------------+--------------+
| Clock Enable | Synchronous Set/Reset | Asynchronous Set/Reset | Total Registers | Total Slices |
+--------------+-----------------------+------------------------+-----------------+--------------+
| No           | No                    | No                     |             306 |           49 |
| No           | No                    | Yes                    |               0 |            0 |
| No           | Yes                   | No                     |             466 |           78 |
| Yes          | No                    | No                     |             926 |          106 |
| Yes          | No                    | Yes                    |               0 |            0 |
| Yes          | Yes                   | No                     |             394 |           56 |
+--------------+-----------------------+------------------------+-----------------+--------------+


4. Detailed Control Set Information
-----------------------------------

+------------------------------------------------------+---------------------------------------------------------------------------------------------------------------------------------------------------------------------+-----------------------------------------------------------------------------------------------------------------------------------------------+------------------+----------------+
|                     Clock Signal                     |                                                                            Enable Signal                                                                            |                                                                Set/Reset Signal                                                               | Slice Load Count | Bel Load Count |
+------------------------------------------------------+---------------------------------------------------------------------------------------------------------------------------------------------------------------------+-----------------------------------------------------------------------------------------------------------------------------------------------+------------------+----------------+
|  HDMI_AXI_LITE_i/processing_system7_0/inst/FCLK_CLK0 | HDMI_AXI_LITE_i/HDMI_AXI_LITE_0/inst/HDMI_AXI_LITE_v1_0_S00_AXI_inst/zedboard_hdmi/u_i2c_sender/i2c_sda1_out                                                        | HDMI_AXI_LITE_i/HDMI_AXI_LITE_0/inst/HDMI_AXI_LITE_v1_0_S00_AXI_inst/zedboard_hdmi/color_gen/u_convert/SR[0]                                  |                1 |              2 |
|  HDMI_AXI_LITE_i/processing_system7_0/inst/FCLK_CLK0 | HDMI_AXI_LITE_i/ps7_0_axi_periph/s00_couplers/auto_pc/inst/gen_axilite.gen_b2s_conv.axilite_b2s/WR.b_channel_0/bid_fifo_0/bresp_push                                |                                                                                                                                               |                1 |              4 |
|  HDMI_AXI_LITE_i/processing_system7_0/inst/FCLK_CLK0 |                                                                                                                                                                     | HDMI_AXI_LITE_i/axi_gpio_0/U0/gpio_core_1/Read_Reg_Rst__0                                                                                     |                1 |              8 |
|  HDMI_AXI_LITE_i/processing_system7_0/inst/FCLK_CLK0 |                                                                                                                                                                     | HDMI_AXI_LITE_i/axi_gpio_0/U0/AXI_LITE_IPIF_I/I_SLAVE_ATTACHMENT/clear                                                                        |                1 |              8 |
|  HDMI_AXI_LITE_i/processing_system7_0/inst/FCLK_CLK0 | HDMI_AXI_LITE_i/ps7_0_axi_periph/s00_couplers/auto_pc/inst/gen_axilite.gen_b2s_conv.axilite_b2s/WR.aw_channel_0/aw_cmd_fsm_0/axaddr_wrap_reg[0]                     | HDMI_AXI_LITE_i/ps7_0_axi_periph/s00_couplers/auto_pc/inst/gen_axilite.gen_b2s_conv.axilite_b2s/WR.aw_channel_0/aw_cmd_fsm_0/axlen_cnt_reg[7] |                2 |              8 |
|  HDMI_AXI_LITE_i/processing_system7_0/inst/FCLK_CLK0 |                                                                                                                                                                     | HDMI_AXI_LITE_i/ps7_0_axi_periph/s00_couplers/auto_pc/inst/gen_axilite.gen_b2s_conv.axilite_b2s/SI_REG/ar.ar_pipe/m_valid_i_reg_0             |                3 |              8 |
|  HDMI_AXI_LITE_i/processing_system7_0/inst/FCLK_CLK0 |                                                                                                                                                                     | HDMI_AXI_LITE_i/ps7_0_axi_periph/s00_couplers/auto_pc/inst/gen_axilite.gen_b2s_conv.axilite_b2s/SI_REG/aw.aw_pipe/s_ready_i_reg_0             |                3 |              8 |
|  HDMI_AXI_LITE_i/processing_system7_0/inst/FCLK_CLK0 | HDMI_AXI_LITE_i/ps7_0_axi_periph/s00_couplers/auto_pc/inst/gen_axilite.gen_b2s_conv.axilite_b2s/RD.ar_channel_0/ar_cmd_fsm_0/axlen_cnt_reg[4][0]                    | HDMI_AXI_LITE_i/ps7_0_axi_periph/s00_couplers/auto_pc/inst/gen_axilite.gen_b2s_conv.axilite_b2s/RD.ar_channel_0/ar_cmd_fsm_0/axlen_cnt_reg[7] |                1 |              8 |
|  HDMI_AXI_LITE_i/processing_system7_0/inst/FCLK_CLK0 | HDMI_AXI_LITE_i/axi_gpio_0/U0/AXI_LITE_IPIF_I/I_SLAVE_ATTACHMENT/start2                                                                                             | HDMI_AXI_LITE_i/axi_gpio_0/U0/AXI_LITE_IPIF_I/I_SLAVE_ATTACHMENT/I_DECODER/cs_ce_clr                                                          |                1 |              8 |
|  HDMI_AXI_LITE_i/processing_system7_0/inst/FCLK_CLK0 | HDMI_AXI_LITE_i/axi_gpio_0/U0/AXI_LITE_IPIF_I/I_SLAVE_ATTACHMENT/bus2ip_addr_i[8]_i_1_n_0                                                                           | HDMI_AXI_LITE_i/axi_gpio_0/U0/AXI_LITE_IPIF_I/I_SLAVE_ATTACHMENT/SR[0]                                                                        |                1 |              8 |
|  HDMI_AXI_LITE_i/processing_system7_0/inst/FCLK_CLK0 |                                                                                                                                                                     | HDMI_AXI_LITE_i/rst_ps7_0_100M/U0/EXT_LPF/lpf_int                                                                                             |                1 |             10 |
|  HDMI_AXI_LITE_i/processing_system7_0/inst/FCLK_CLK0 | HDMI_AXI_LITE_i/axi_gpio_0/U0/AXI_LITE_IPIF_I/I_SLAVE_ATTACHMENT/s_axi_rresp_i                                                                                      | HDMI_AXI_LITE_i/axi_gpio_0/U0/AXI_LITE_IPIF_I/I_SLAVE_ATTACHMENT/SR[0]                                                                        |                1 |             10 |
|  HDMI_AXI_LITE_i/processing_system7_0/inst/FCLK_CLK0 | HDMI_AXI_LITE_i/rst_ps7_0_100M/U0/SEQ/seq_cnt_en                                                                                                                    | HDMI_AXI_LITE_i/rst_ps7_0_100M/U0/SEQ/SEQ_COUNTER/clear                                                                                       |                1 |             12 |
|  HDMI_AXI_LITE_i/processing_system7_0/inst/FCLK_CLK0 | HDMI_AXI_LITE_i/HDMI_AXI_LITE_0/inst/HDMI_AXI_LITE_v1_0_S00_AXI_inst/zedboard_hdmi/u_i2c_sender/p_0_in_0                                                            | HDMI_AXI_LITE_i/HDMI_AXI_LITE_0/inst/HDMI_AXI_LITE_v1_0_S00_AXI_inst/zedboard_hdmi/color_gen/u_convert/SR[0]                                  |                4 |             16 |
|  HDMI_AXI_LITE_i/processing_system7_0/inst/FCLK_CLK0 | HDMI_AXI_LITE_i/ps7_0_axi_periph/s00_couplers/auto_pc/inst/gen_axilite.gen_b2s_conv.axilite_b2s/WR.b_channel_0/mhandshake_r                                         | HDMI_AXI_LITE_i/ps7_0_axi_periph/s00_couplers/auto_pc/inst/gen_axilite.gen_b2s_conv.axilite_b2s/WR.b_channel_0/bid_fifo_0/SR[0]               |                2 |             16 |
|  HDMI_AXI_LITE_i/processing_system7_0/inst/FCLK_CLK0 | HDMI_AXI_LITE_i/HDMI_AXI_LITE_0/inst/HDMI_AXI_LITE_v1_0_S00_AXI_inst/slv_reg2[15]_i_1_n_0                                                                           | HDMI_AXI_LITE_i/HDMI_AXI_LITE_0/inst/HDMI_AXI_LITE_v1_0_S00_AXI_inst/zedboard_hdmi/color_gen/u_convert/SR[0]                                  |                1 |             16 |
|  HDMI_AXI_LITE_i/processing_system7_0/inst/FCLK_CLK0 | HDMI_AXI_LITE_i/HDMI_AXI_LITE_0/inst/HDMI_AXI_LITE_v1_0_S00_AXI_inst/zedboard_hdmi/u_i2c_sender/cmd_counter                                                         | HDMI_AXI_LITE_i/HDMI_AXI_LITE_0/inst/HDMI_AXI_LITE_v1_0_S00_AXI_inst/zedboard_hdmi/color_gen/u_convert/SR[0]                                  |                3 |             16 |
|  HDMI_AXI_LITE_i/processing_system7_0/inst/FCLK_CLK0 | HDMI_AXI_LITE_i/HDMI_AXI_LITE_0/inst/HDMI_AXI_LITE_v1_0_S00_AXI_inst/zedboard_hdmi/u_i2c_sender/word_counter[7]_i_2_n_0                                             | HDMI_AXI_LITE_i/HDMI_AXI_LITE_0/inst/HDMI_AXI_LITE_v1_0_S00_AXI_inst/zedboard_hdmi/u_i2c_sender/word_counter[7]_i_1_n_0                       |                4 |             16 |
|  HDMI_AXI_LITE_i/processing_system7_0/inst/FCLK_CLK0 | HDMI_AXI_LITE_i/HDMI_AXI_LITE_0/inst/HDMI_AXI_LITE_v1_0_S00_AXI_inst/slv_reg2[7]_i_1_n_0                                                                            | HDMI_AXI_LITE_i/HDMI_AXI_LITE_0/inst/HDMI_AXI_LITE_v1_0_S00_AXI_inst/zedboard_hdmi/color_gen/u_convert/SR[0]                                  |                1 |             16 |
|  HDMI_AXI_LITE_i/processing_system7_0/inst/FCLK_CLK0 | HDMI_AXI_LITE_i/HDMI_AXI_LITE_0/inst/HDMI_AXI_LITE_v1_0_S00_AXI_inst/slv_reg2[23]_i_1_n_0                                                                           | HDMI_AXI_LITE_i/HDMI_AXI_LITE_0/inst/HDMI_AXI_LITE_v1_0_S00_AXI_inst/zedboard_hdmi/color_gen/u_convert/SR[0]                                  |                3 |             16 |
|  HDMI_AXI_LITE_i/processing_system7_0/inst/FCLK_CLK0 | HDMI_AXI_LITE_i/HDMI_AXI_LITE_0/inst/HDMI_AXI_LITE_v1_0_S00_AXI_inst/p_1_in[15]                                                                                     | HDMI_AXI_LITE_i/HDMI_AXI_LITE_0/inst/HDMI_AXI_LITE_v1_0_S00_AXI_inst/zedboard_hdmi/color_gen/u_convert/SR[0]                                  |                1 |             16 |
|  HDMI_AXI_LITE_i/processing_system7_0/inst/FCLK_CLK0 | HDMI_AXI_LITE_i/HDMI_AXI_LITE_0/inst/HDMI_AXI_LITE_v1_0_S00_AXI_inst/p_1_in[7]                                                                                      | HDMI_AXI_LITE_i/HDMI_AXI_LITE_0/inst/HDMI_AXI_LITE_v1_0_S00_AXI_inst/zedboard_hdmi/color_gen/u_convert/SR[0]                                  |                1 |             16 |
|  HDMI_AXI_LITE_i/processing_system7_0/inst/FCLK_CLK0 | HDMI_AXI_LITE_i/HDMI_AXI_LITE_0/inst/HDMI_AXI_LITE_v1_0_S00_AXI_inst/p_1_in[23]                                                                                     | HDMI_AXI_LITE_i/HDMI_AXI_LITE_0/inst/HDMI_AXI_LITE_v1_0_S00_AXI_inst/zedboard_hdmi/color_gen/u_convert/SR[0]                                  |                2 |             16 |
|  HDMI_AXI_LITE_i/processing_system7_0/inst/FCLK_CLK0 | HDMI_AXI_LITE_i/HDMI_AXI_LITE_0/inst/HDMI_AXI_LITE_v1_0_S00_AXI_inst/p_1_in[31]                                                                                     | HDMI_AXI_LITE_i/HDMI_AXI_LITE_0/inst/HDMI_AXI_LITE_v1_0_S00_AXI_inst/zedboard_hdmi/color_gen/u_convert/SR[0]                                  |                1 |             16 |
|  HDMI_AXI_LITE_i/processing_system7_0/inst/FCLK_CLK0 | HDMI_AXI_LITE_i/axi_gpio_0/U0/AXI_LITE_IPIF_I/I_SLAVE_ATTACHMENT/I_DECODER/E[0]                                                                                     | HDMI_AXI_LITE_i/axi_gpio_0/U0/AXI_LITE_IPIF_I/I_SLAVE_ATTACHMENT/SR[0]                                                                        |                1 |             16 |
|  HDMI_AXI_LITE_i/processing_system7_0/inst/FCLK_CLK0 | HDMI_AXI_LITE_i/HDMI_AXI_LITE_0/inst/HDMI_AXI_LITE_v1_0_S00_AXI_inst/zedboard_hdmi/u_i2c_sender/i2c_cmd[22]_i_1_n_0                                                 |                                                                                                                                               |                6 |             18 |
|  HDMI_AXI_LITE_i/processing_system7_0/inst/FCLK_CLK0 | HDMI_AXI_LITE_i/HDMI_AXI_LITE_0/inst/HDMI_AXI_LITE_v1_0_S00_AXI_inst/zedboard_hdmi/u_i2c_sender/i2c_cmd[22]_i_1_n_0                                                 | HDMI_AXI_LITE_i/HDMI_AXI_LITE_0/inst/HDMI_AXI_LITE_v1_0_S00_AXI_inst/zedboard_hdmi/color_gen/u_convert/SR[0]                                  |                3 |             20 |
|  HDMI_AXI_LITE_i/processing_system7_0/inst/FCLK_CLK0 |                                                                                                                                                                     | HDMI_AXI_LITE_i/ps7_0_axi_periph/xbar/inst/gen_sasd.crossbar_sasd_0/addr_arbiter_inst/SR[0]                                                   |                4 |             22 |
|  HDMI_AXI_LITE_i/processing_system7_0/inst/FCLK_CLK0 | HDMI_AXI_LITE_i/HDMI_AXI_LITE_0/inst/HDMI_AXI_LITE_v1_0_S00_AXI_inst/zedboard_hdmi/v_counter                                                                        | HDMI_AXI_LITE_i/HDMI_AXI_LITE_0/inst/HDMI_AXI_LITE_v1_0_S00_AXI_inst/zedboard_hdmi/color_gen/u_convert/SR[0]                                  |                5 |             24 |
|  HDMI_AXI_LITE_i/processing_system7_0/inst/FCLK_CLK0 | HDMI_AXI_LITE_i/ps7_0_axi_periph/s00_couplers/auto_pc/inst/gen_axilite.gen_b2s_conv.axilite_b2s/RD.ar_channel_0/ar_cmd_fsm_0/axaddr_incr_reg[0][0]                  |                                                                                                                                               |                2 |             24 |
|  HDMI_AXI_LITE_i/processing_system7_0/inst/FCLK_CLK0 | HDMI_AXI_LITE_i/ps7_0_axi_periph/s00_couplers/auto_pc/inst/gen_axilite.gen_b2s_conv.axilite_b2s/RD.ar_channel_0/ar_cmd_fsm_0/E[0]                                   |                                                                                                                                               |                6 |             24 |
|  HDMI_AXI_LITE_i/processing_system7_0/inst/FCLK_CLK0 | HDMI_AXI_LITE_i/ps7_0_axi_periph/s00_couplers/auto_pc/inst/gen_axilite.gen_b2s_conv.axilite_b2s/WR.aw_channel_0/cmd_translator_0/incr_cmd_0/axaddr_incr[11]_i_1_n_0 |                                                                                                                                               |                2 |             24 |
|  HDMI_AXI_LITE_i/processing_system7_0/inst/FCLK_CLK0 |                                                                                                                                                                     | HDMI_AXI_LITE_i/HDMI_AXI_LITE_0/inst/HDMI_AXI_LITE_v1_0_S00_AXI_inst/zedboard_hdmi/color_gen/map_x[11]_i_1_n_0                                |                7 |             24 |
|  HDMI_AXI_LITE_i/processing_system7_0/inst/FCLK_CLK0 | HDMI_AXI_LITE_i/ps7_0_axi_periph/s00_couplers/auto_pc/inst/gen_axilite.gen_b2s_conv.axilite_b2s/WR.aw_channel_0/aw_cmd_fsm_0/wrap_boundary_axaddr_r_reg[11]         |                                                                                                                                               |                5 |             24 |
|  HDMI_AXI_LITE_i/processing_system7_0/inst/FCLK_CLK0 | HDMI_AXI_LITE_i/ps7_0_axi_periph/s00_couplers/auto_pc/inst/gen_axilite.gen_b2s_conv.axilite_b2s/RD.r_channel_0/r_push_r                                             |                                                                                                                                               |                4 |             26 |
|  HDMI_AXI_LITE_i/processing_system7_0/inst/FCLK_CLK0 | HDMI_AXI_LITE_i/ps7_0_axi_periph/s00_couplers/auto_pc/inst/gen_axilite.gen_b2s_conv.axilite_b2s/SI_REG/b.b_pipe/skid_buffer_reg[0]_0                                |                                                                                                                                               |                3 |             28 |
|  HDMI_AXI_LITE_i/processing_system7_0/inst/FCLK_CLK0 | HDMI_AXI_LITE_i/ps7_0_axi_periph/s00_couplers/auto_pc/inst/gen_axilite.gen_b2s_conv.axilite_b2s/SI_REG/b.b_pipe/p_1_in                                              |                                                                                                                                               |                2 |             28 |
|  HDMI_AXI_LITE_i/processing_system7_0/inst/FCLK_CLK0 | HDMI_AXI_LITE_i/ps7_0_axi_periph/xbar/inst/gen_sasd.crossbar_sasd_0/reg_slice_r/aa_rready                                                                           |                                                                                                                                               |                6 |             30 |
|  HDMI_AXI_LITE_i/processing_system7_0/inst/FCLK_CLK0 | HDMI_AXI_LITE_i/ps7_0_axi_periph/s00_couplers/auto_pc/inst/gen_axilite.gen_b2s_conv.axilite_b2s/WR.aw_channel_0/aw_cmd_fsm_0/b_push                                 |                                                                                                                                               |                3 |             32 |
|  HDMI_AXI_LITE_i/processing_system7_0/inst/FCLK_CLK0 | HDMI_AXI_LITE_i/ps7_0_axi_periph/xbar/inst/gen_sasd.crossbar_sasd_0/addr_arbiter_inst/p_0_in1_in                                                                    | HDMI_AXI_LITE_i/ps7_0_axi_periph/xbar/inst/gen_sasd.crossbar_sasd_0/addr_arbiter_inst/SR[0]                                                   |                7 |             38 |
|  HDMI_AXI_LITE_i/processing_system7_0/inst/FCLK_CLK0 |                                                                                                                                                                     | HDMI_AXI_LITE_i/axi_gpio_0/U0/AXI_LITE_IPIF_I/I_SLAVE_ATTACHMENT/SR[0]                                                                        |                7 |             40 |
|  HDMI_AXI_LITE_i/processing_system7_0/inst/FCLK_CLK0 | HDMI_AXI_LITE_i/ps7_0_axi_periph/s00_couplers/auto_pc/inst/gen_axilite.gen_b2s_conv.axilite_b2s/RD.ar_channel_0/ar_cmd_fsm_0/axlen_cnt_reg[4][0]                    |                                                                                                                                               |                8 |             42 |
|  HDMI_AXI_LITE_i/processing_system7_0/inst/FCLK_CLK0 | HDMI_AXI_LITE_i/ps7_0_axi_periph/s00_couplers/auto_pc/inst/gen_axilite.gen_b2s_conv.axilite_b2s/WR.aw_channel_0/aw_cmd_fsm_0/axaddr_wrap_reg[0]                     |                                                                                                                                               |                8 |             42 |
|  HDMI_AXI_LITE_i/processing_system7_0/inst/FCLK_CLK0 | HDMI_AXI_LITE_i/HDMI_AXI_LITE_0/inst/HDMI_AXI_LITE_v1_0_S00_AXI_inst/slv_reg_rden__0                                                                                | HDMI_AXI_LITE_i/HDMI_AXI_LITE_0/inst/HDMI_AXI_LITE_v1_0_S00_AXI_inst/zedboard_hdmi/color_gen/u_convert/SR[0]                                  |                9 |             64 |
|  HDMI_AXI_LITE_i/processing_system7_0/inst/FCLK_CLK0 | HDMI_AXI_LITE_i/ps7_0_axi_periph/s00_couplers/auto_pc/inst/gen_axilite.gen_b2s_conv.axilite_b2s/RD.r_channel_0/rd_data_fifo_0/wr_en0                                |                                                                                                                                               |                9 |             68 |
|  HDMI_AXI_LITE_i/processing_system7_0/inst/FCLK_CLK0 | HDMI_AXI_LITE_i/ps7_0_axi_periph/xbar/inst/gen_sasd.crossbar_sasd_0/addr_arbiter_inst/E[0]                                                                          |                                                                                                                                               |                6 |             70 |
|  HDMI_AXI_LITE_i/processing_system7_0/inst/FCLK_CLK0 | HDMI_AXI_LITE_i/ps7_0_axi_periph/s00_couplers/auto_pc/inst/gen_axilite.gen_b2s_conv.axilite_b2s/SI_REG/r.r_pipe/p_1_in                                              |                                                                                                                                               |                7 |             94 |
|  HDMI_AXI_LITE_i/processing_system7_0/inst/FCLK_CLK0 | HDMI_AXI_LITE_i/ps7_0_axi_periph/s00_couplers/auto_pc/inst/gen_axilite.gen_b2s_conv.axilite_b2s/SI_REG/r.r_pipe/skid_buffer_reg[0]_0                                |                                                                                                                                               |                7 |             94 |
|  HDMI_AXI_LITE_i/processing_system7_0/inst/FCLK_CLK0 | HDMI_AXI_LITE_i/ps7_0_axi_periph/s00_couplers/auto_pc/inst/gen_axilite.gen_b2s_conv.axilite_b2s/RD.ar_channel_0/ar_cmd_fsm_0/m_payload_i_reg[0]_1[0]                |                                                                                                                                               |               10 |             96 |
|  HDMI_AXI_LITE_i/processing_system7_0/inst/FCLK_CLK0 | HDMI_AXI_LITE_i/ps7_0_axi_periph/s00_couplers/auto_pc/inst/gen_axilite.gen_b2s_conv.axilite_b2s/WR.aw_channel_0/aw_cmd_fsm_0/E[0]                                   |                                                                                                                                               |                8 |             96 |
|  HDMI_AXI_LITE_i/processing_system7_0/inst/FCLK_CLK0 | HDMI_AXI_LITE_i/ps7_0_axi_periph/s00_couplers/auto_pc/inst/gen_axilite.gen_b2s_conv.axilite_b2s/SI_REG/aw.aw_pipe/skid_buffer_reg[0]_0                              |                                                                                                                                               |                9 |             96 |
|  HDMI_AXI_LITE_i/processing_system7_0/inst/FCLK_CLK0 | HDMI_AXI_LITE_i/ps7_0_axi_periph/s00_couplers/auto_pc/inst/gen_axilite.gen_b2s_conv.axilite_b2s/SI_REG/ar.ar_pipe/skid_buffer_reg[0]_0                              |                                                                                                                                               |               11 |             96 |
|  HDMI_AXI_LITE_i/processing_system7_0/inst/FCLK_CLK0 |                                                                                                                                                                     | HDMI_AXI_LITE_i/ps7_0_axi_periph/s00_couplers/auto_pc/inst/gen_axilite.gen_b2s_conv.axilite_b2s/areset_d1                                     |               12 |            122 |
|  HDMI_AXI_LITE_i/processing_system7_0/inst/FCLK_CLK0 |                                                                                                                                                                     | HDMI_AXI_LITE_i/HDMI_AXI_LITE_0/inst/HDMI_AXI_LITE_v1_0_S00_AXI_inst/zedboard_hdmi/color_gen/u_convert/SR[0]                                  |               39 |            216 |
|  HDMI_AXI_LITE_i/processing_system7_0/inst/FCLK_CLK0 |                                                                                                                                                                     |                                                                                                                                               |               50 |            308 |
+------------------------------------------------------+---------------------------------------------------------------------------------------------------------------------------------------------------------------------+-----------------------------------------------------------------------------------------------------------------------------------------------+------------------+----------------+


