Copyright 1986-2018 Xilinx, Inc. All Rights Reserved.
------------------------------------------------------------------------------------
| Tool Version : Vivado v.2018.2 (win64) Build 2258646 Thu Jun 14 20:03:12 MDT 2018
| Date         : Fri Jun 27 21:37:39 2025
| Host         : Chen running 64-bit major release  (build 9200)
| Command      : upgrade_ip
| Device       : xc7z020clg484-1
------------------------------------------------------------------------------------

Upgrade Log for IP 'HDMI_AXI_LITE_HDMI_AXI_LITE_0_0'

1. Summary
----------

SUCCESS in the upgrade of HDMI_AXI_LITE_HDMI_AXI_LITE_0_0 (xilinx.com:user:HDMI_AXI_LITE:1.0) from (Rev. 37) to (Rev. 38)






Copyright 1986-2018 Xilinx, Inc. All Rights Reserved.
------------------------------------------------------------------------------------
| Tool Version : Vivado v.2018.2 (win64) Build 2258646 Thu Jun 14 20:03:12 MDT 2018
| Date         : Fri Jun 27 21:26:04 2025
| Host         : Chen running 64-bit major release  (build 9200)
| Command      : upgrade_ip
| Device       : xc7z020clg484-1
------------------------------------------------------------------------------------

Upgrade Log for IP 'HDMI_AXI_LITE_HDMI_AXI_LITE_0_0'

1. Summary
----------

SUCCESS in the upgrade of HDMI_AXI_LITE_HDMI_AXI_LITE_0_0 (xilinx.com:user:HDMI_AXI_LITE:1.0) from (Rev. 36) to (Rev. 37)






Copyright 1986-2018 Xilinx, Inc. All Rights Reserved.
------------------------------------------------------------------------------------
| Tool Version : Vivado v.2018.2 (win64) Build 2258646 Thu Jun 14 20:03:12 MDT 2018
| Date         : Fri Jun 27 20:23:23 2025
| Host         : Chen running 64-bit major release  (build 9200)
| Command      : upgrade_ip
| Device       : xc7z020clg484-1
------------------------------------------------------------------------------------

Upgrade Log for IP 'HDMI_AXI_LITE_HDMI_AXI_LITE_0_0'

1. Summary
----------

SUCCESS in the upgrade of HDMI_AXI_LITE_HDMI_AXI_LITE_0_0 (xilinx.com:user:HDMI_AXI_LITE:1.0) from (Rev. 35) to (Rev. 36)






Copyright 1986-2018 Xilinx, Inc. All Rights Reserved.
------------------------------------------------------------------------------------
| Tool Version : Vivado v.2018.2 (win64) Build 2258646 Thu Jun 14 20:03:12 MDT 2018
| Date         : Fri Jun 27 17:29:22 2025
| Host         : Chen running 64-bit major release  (build 9200)
| Command      : upgrade_ip
| Device       : xc7z020clg484-1
------------------------------------------------------------------------------------

Upgrade Log for IP 'HDMI_AXI_LITE_HDMI_AXI_LITE_0_0'

1. Summary
----------

SUCCESS in the upgrade of HDMI_AXI_LITE_HDMI_AXI_LITE_0_0 (xilinx.com:user:HDMI_AXI_LITE:1.0) from (Rev. 34) to (Rev. 35)






Copyright 1986-2018 Xilinx, Inc. All Rights Reserved.
------------------------------------------------------------------------------------
| Tool Version : Vivado v.2018.2 (win64) Build 2258646 Thu Jun 14 20:03:12 MDT 2018
| Date         : Fri Jun 27 17:13:01 2025
| Host         : Chen running 64-bit major release  (build 9200)
| Command      : upgrade_ip
| Device       : xc7z020clg484-1
------------------------------------------------------------------------------------

Upgrade Log for IP 'HDMI_AXI_LITE_HDMI_AXI_LITE_0_0'

1. Summary
----------

SUCCESS in the upgrade of HDMI_AXI_LITE_HDMI_AXI_LITE_0_0 (xilinx.com:user:HDMI_AXI_LITE:1.0) from (Rev. 33) to (Rev. 34)






Copyright 1986-2018 Xilinx, Inc. All Rights Reserved.
------------------------------------------------------------------------------------
| Tool Version : Vivado v.2018.2 (win64) Build 2258646 Thu Jun 14 20:03:12 MDT 2018
| Date         : Fri Jun 27 17:10:01 2025
| Host         : Chen running 64-bit major release  (build 9200)
| Command      : upgrade_ip
| Device       : xc7z020clg484-1
------------------------------------------------------------------------------------

Upgrade Log for IP 'HDMI_AXI_LITE_HDMI_AXI_LITE_0_0'

1. Summary
----------

SUCCESS in the upgrade of HDMI_AXI_LITE_HDMI_AXI_LITE_0_0 (xilinx.com:user:HDMI_AXI_LITE:1.0) from (Rev. 32) to (Rev. 33)






Copyright 1986-2018 Xilinx, Inc. All Rights Reserved.
------------------------------------------------------------------------------------
| Tool Version : Vivado v.2018.2 (win64) Build 2258646 Thu Jun 14 20:03:12 MDT 2018
| Date         : Fri Jun 27 15:56:27 2025
| Host         : Chen running 64-bit major release  (build 9200)
| Command      : upgrade_ip
| Device       : xc7z020clg484-1
------------------------------------------------------------------------------------

Upgrade Log for IP 'HDMI_AXI_LITE_HDMI_AXI_LITE_0_0'

1. Summary
----------

SUCCESS in the upgrade of HDMI_AXI_LITE_HDMI_AXI_LITE_0_0 (xilinx.com:user:HDMI_AXI_LITE:1.0) from (Rev. 31) to (Rev. 32)






Copyright 1986-2018 Xilinx, Inc. All Rights Reserved.
------------------------------------------------------------------------------------
| Tool Version : Vivado v.2018.2 (win64) Build 2258646 Thu Jun 14 20:03:12 MDT 2018
| Date         : Fri Jun 27 14:45:32 2025
| Host         : Chen running 64-bit major release  (build 9200)
| Command      : upgrade_ip
| Device       : xc7z020clg484-1
------------------------------------------------------------------------------------

Upgrade Log for IP 'HDMI_AXI_LITE_HDMI_AXI_LITE_0_0'

1. Summary
----------

SUCCESS in the upgrade of HDMI_AXI_LITE_HDMI_AXI_LITE_0_0 (xilinx.com:user:HDMI_AXI_LITE:1.0) from (Rev. 30) to (Rev. 31)






Copyright 1986-2018 Xilinx, Inc. All Rights Reserved.
------------------------------------------------------------------------------------
| Tool Version : Vivado v.2018.2 (win64) Build 2258646 Thu Jun 14 20:03:12 MDT 2018
| Date         : Fri Jun 27 14:29:09 2025
| Host         : Chen running 64-bit major release  (build 9200)
| Command      : upgrade_ip
| Device       : xc7z020clg484-1
------------------------------------------------------------------------------------

Upgrade Log for IP 'HDMI_AXI_LITE_HDMI_AXI_LITE_0_0'

1. Summary
----------

SUCCESS in the upgrade of HDMI_AXI_LITE_HDMI_AXI_LITE_0_0 (xilinx.com:user:HDMI_AXI_LITE:1.0) from (Rev. 28) to (Rev. 30)






Copyright 1986-2018 Xilinx, Inc. All Rights Reserved.
------------------------------------------------------------------------------------
| Tool Version : Vivado v.2018.2 (win64) Build 2258646 Thu Jun 14 20:03:12 MDT 2018
| Date         : Fri Jun 27 14:06:33 2025
| Host         : Chen running 64-bit major release  (build 9200)
| Command      : upgrade_ip
| Device       : xc7z020clg484-1
------------------------------------------------------------------------------------

Upgrade Log for IP 'HDMI_AXI_LITE_HDMI_AXI_LITE_0_0'

1. Summary
----------

SUCCESS in the upgrade of HDMI_AXI_LITE_HDMI_AXI_LITE_0_0 (xilinx.com:user:HDMI_AXI_LITE:1.0) from (Rev. 27) to (Rev. 28)






Copyright 1986-2018 Xilinx, Inc. All Rights Reserved.
------------------------------------------------------------------------------------
| Tool Version : Vivado v.2018.2 (win64) Build 2258646 Thu Jun 14 20:03:12 MDT 2018
| Date         : Fri Jun 27 13:30:14 2025
| Host         : Chen running 64-bit major release  (build 9200)
| Command      : upgrade_ip
| Device       : xc7z020clg484-1
------------------------------------------------------------------------------------

Upgrade Log for IP 'HDMI_AXI_LITE_HDMI_AXI_LITE_0_0'

1. Summary
----------

SUCCESS in the upgrade of HDMI_AXI_LITE_HDMI_AXI_LITE_0_0 (xilinx.com:user:HDMI_AXI_LITE:1.0) from (Rev. 26) to (Rev. 27)






Copyright 1986-2018 Xilinx, Inc. All Rights Reserved.
------------------------------------------------------------------------------------
| Tool Version : Vivado v.2018.2 (win64) Build 2258646 Thu Jun 14 20:03:12 MDT 2018
| Date         : Fri Jun 27 13:22:12 2025
| Host         : Chen running 64-bit major release  (build 9200)
| Command      : upgrade_ip
| Device       : xc7z020clg484-1
------------------------------------------------------------------------------------

Upgrade Log for IP 'HDMI_AXI_LITE_HDMI_AXI_LITE_0_0'

1. Summary
----------

SUCCESS in the upgrade of HDMI_AXI_LITE_HDMI_AXI_LITE_0_0 (xilinx.com:user:HDMI_AXI_LITE:1.0) from (Rev. 25) to (Rev. 26)






Copyright 1986-2018 Xilinx, Inc. All Rights Reserved.
------------------------------------------------------------------------------------
| Tool Version : Vivado v.2018.2 (win64) Build 2258646 Thu Jun 14 20:03:12 MDT 2018
| Date         : Fri Jun 27 13:11:25 2025
| Host         : Chen running 64-bit major release  (build 9200)
| Command      : upgrade_ip
| Device       : xc7z020clg484-1
------------------------------------------------------------------------------------

Upgrade Log for IP 'HDMI_AXI_LITE_HDMI_AXI_LITE_0_0'

1. Summary
----------

SUCCESS in the upgrade of HDMI_AXI_LITE_HDMI_AXI_LITE_0_0 (xilinx.com:user:HDMI_AXI_LITE:1.0) from (Rev. 24) to (Rev. 25)






Copyright 1986-2018 Xilinx, Inc. All Rights Reserved.
------------------------------------------------------------------------------------
| Tool Version : Vivado v.2018.2 (win64) Build 2258646 Thu Jun 14 20:03:12 MDT 2018
| Date         : Fri Jun 27 12:35:32 2025
| Host         : Chen running 64-bit major release  (build 9200)
| Command      : upgrade_ip
| Device       : xc7z020clg484-1
------------------------------------------------------------------------------------

Upgrade Log for IP 'HDMI_AXI_LITE_HDMI_AXI_LITE_0_0'

1. Summary
----------

SUCCESS in the upgrade of HDMI_AXI_LITE_HDMI_AXI_LITE_0_0 (xilinx.com:user:HDMI_AXI_LITE:1.0) from (Rev. 23) to (Rev. 24)






Copyright 1986-2018 Xilinx, Inc. All Rights Reserved.
------------------------------------------------------------------------------------
| Tool Version : Vivado v.2018.2 (win64) Build 2258646 Thu Jun 14 20:03:12 MDT 2018
| Date         : Fri Jun 27 11:34:26 2025
| Host         : Chen running 64-bit major release  (build 9200)
| Command      : upgrade_ip
| Device       : xc7z020clg484-1
------------------------------------------------------------------------------------

Upgrade Log for IP 'HDMI_AXI_LITE_HDMI_AXI_LITE_0_0'

1. Summary
----------

SUCCESS in the upgrade of HDMI_AXI_LITE_HDMI_AXI_LITE_0_0 (xilinx.com:user:HDMI_AXI_LITE:1.0) from (Rev. 22) to (Rev. 23)






Copyright 1986-2018 Xilinx, Inc. All Rights Reserved.
------------------------------------------------------------------------------------
| Tool Version : Vivado v.2018.2 (win64) Build 2258646 Thu Jun 14 20:03:12 MDT 2018
| Date         : Fri Jun 27 10:44:13 2025
| Host         : Chen running 64-bit major release  (build 9200)
| Command      : upgrade_ip
| Device       : xc7z020clg484-1
------------------------------------------------------------------------------------

Upgrade Log for IP 'HDMI_AXI_LITE_HDMI_AXI_LITE_0_0'

1. Summary
----------

CAUTION (success, with warnings) in the upgrade of HDMI_AXI_LITE_HDMI_AXI_LITE_0_0 (xilinx.com:user:HDMI_AXI_LITE:1.0) from (Rev. 21) to (Rev. 22)

After upgrade, an IP may have parameter and port differences compared to the original customization. Please review the parameters within the IP customization GUI to ensure proper functionality. Also, please review the updated IP instantiation template to ensure proper connectivity, and update your design if required.

2. Interface Information
------------------------

Detected external interface differences while upgrading 'HDMI_AXI_LITE_HDMI_AXI_LITE_0_0'.


-Upgrade has removed interface 'reset'


3. Connection Warnings
----------------------

Detected external port differences while upgrading 'HDMI_AXI_LITE_HDMI_AXI_LITE_0_0'. These changes may impact your design.


-Upgrade has removed port 'clk_150'

-Upgrade has removed port 'reset'







Copyright 1986-2018 Xilinx, Inc. All Rights Reserved.
------------------------------------------------------------------------------------
| Tool Version : Vivado v.2018.2 (win64) Build 2258646 Thu Jun 14 20:03:12 MDT 2018
| Date         : Fri Jun 27 10:38:17 2025
| Host         : Chen running 64-bit major release  (build 9200)
| Command      : upgrade_ip
| Device       : xc7z020clg484-1
------------------------------------------------------------------------------------

Upgrade Log for IP 'HDMI_AXI_LITE_HDMI_AXI_LITE_0_0'

1. Summary
----------

CAUTION (success, with warnings) in the upgrade of HDMI_AXI_LITE_HDMI_AXI_LITE_0_0 (xilinx.com:user:HDMI_AXI_LITE:1.0) from (Rev. 20) to (Rev. 21)

After upgrade, an IP may have parameter and port differences compared to the original customization. Please review the parameters within the IP customization GUI to ensure proper functionality. Also, please review the updated IP instantiation template to ensure proper connectivity, and update your design if required.

2. Connection Warnings
----------------------

Detected external port differences while upgrading 'HDMI_AXI_LITE_HDMI_AXI_LITE_0_0'. These changes may impact your design.


-Upgrade has removed port 'clk_100'

-Upgrade has added port 'clk_150'







Copyright 1986-2018 Xilinx, Inc. All Rights Reserved.
------------------------------------------------------------------------------------
| Tool Version : Vivado v.2018.2 (win64) Build 2258646 Thu Jun 14 20:03:12 MDT 2018
| Date         : Thu Jun 26 21:41:04 2025
| Host         : Chen running 64-bit major release  (build 9200)
| Command      : upgrade_ip
| Device       : xc7z020clg484-1
------------------------------------------------------------------------------------

Upgrade Log for IP 'HDMI_AXI_LITE_HDMI_AXI_LITE_0_0'

1. Summary
----------

SUCCESS in the upgrade of HDMI_AXI_LITE_HDMI_AXI_LITE_0_0 (xilinx.com:user:HDMI_AXI_LITE:1.0) from (Rev. 19) to (Rev. 20)






Copyright 1986-2018 Xilinx, Inc. All Rights Reserved.
------------------------------------------------------------------------------------
| Tool Version : Vivado v.2018.2 (win64) Build 2258646 Thu Jun 14 20:03:12 MDT 2018
| Date         : Thu Jun 26 20:48:01 2025
| Host         : Chen running 64-bit major release  (build 9200)
| Command      : upgrade_ip
| Device       : xc7z020clg484-1
------------------------------------------------------------------------------------

Upgrade Log for IP 'HDMI_AXI_LITE_HDMI_AXI_LITE_0_0'

1. Summary
----------

SUCCESS in the upgrade of HDMI_AXI_LITE_HDMI_AXI_LITE_0_0 (xilinx.com:user:HDMI_AXI_LITE:1.0) from (Rev. 18) to (Rev. 19)






Copyright 1986-2018 Xilinx, Inc. All Rights Reserved.
------------------------------------------------------------------------------------
| Tool Version : Vivado v.2018.2 (win64) Build 2258646 Thu Jun 14 20:03:12 MDT 2018
| Date         : Thu Jun 26 20:32:59 2025
| Host         : Chen running 64-bit major release  (build 9200)
| Command      : upgrade_ip
| Device       : xc7z020clg484-1
------------------------------------------------------------------------------------

Upgrade Log for IP 'HDMI_AXI_LITE_HDMI_AXI_LITE_0_0'

1. Summary
----------

SUCCESS in the upgrade of HDMI_AXI_LITE_HDMI_AXI_LITE_0_0 (xilinx.com:user:HDMI_AXI_LITE:1.0) from (Rev. 17) to (Rev. 18)






Copyright 1986-2018 Xilinx, Inc. All Rights Reserved.
------------------------------------------------------------------------------------
| Tool Version : Vivado v.2018.2 (win64) Build 2258646 Thu Jun 14 20:03:12 MDT 2018
| Date         : Thu Jun 26 20:27:39 2025
| Host         : Chen running 64-bit major release  (build 9200)
| Command      : upgrade_ip
| Device       : xc7z020clg484-1
------------------------------------------------------------------------------------

Upgrade Log for IP 'HDMI_AXI_LITE_HDMI_AXI_LITE_0_0'

1. Summary
----------

SUCCESS in the upgrade of HDMI_AXI_LITE_HDMI_AXI_LITE_0_0 (xilinx.com:user:HDMI_AXI_LITE:1.0) from (Rev. 16) to (Rev. 17)






Copyright 1986-2018 Xilinx, Inc. All Rights Reserved.
------------------------------------------------------------------------------------
| Tool Version : Vivado v.2018.2 (win64) Build 2258646 Thu Jun 14 20:03:12 MDT 2018
| Date         : Thu Jun 26 20:14:37 2025
| Host         : Chen running 64-bit major release  (build 9200)
| Command      : upgrade_ip
| Device       : xc7z020clg484-1
------------------------------------------------------------------------------------

Upgrade Log for IP 'HDMI_AXI_LITE_HDMI_AXI_LITE_0_0'

1. Summary
----------

CAUTION (success, with warnings) in the upgrade of HDMI_AXI_LITE_HDMI_AXI_LITE_0_0 (xilinx.com:user:HDMI_AXI_LITE:1.0) from (Rev. 15) to (Rev. 16)

After upgrade, an IP may have parameter and port differences compared to the original customization. Please review the parameters within the IP customization GUI to ensure proper functionality. Also, please review the updated IP instantiation template to ensure proper connectivity, and update your design if required.

2. Connection Warnings
----------------------

Detected external port differences while upgrading 'HDMI_AXI_LITE_HDMI_AXI_LITE_0_0'. These changes may impact your design.


-Upgrade has added port 'clk_100'







Copyright 1986-2018 Xilinx, Inc. All Rights Reserved.
------------------------------------------------------------------------------------
| Tool Version : Vivado v.2018.2 (win64) Build 2258646 Thu Jun 14 20:03:12 MDT 2018
| Date         : Thu Jun 26 19:56:33 2025
| Host         : Chen running 64-bit major release  (build 9200)
| Command      : upgrade_ip
| Device       : xc7z020clg484-1
------------------------------------------------------------------------------------

Upgrade Log for IP 'HDMI_AXI_LITE_HDMI_AXI_LITE_0_0'

1. Summary
----------

CAUTION (success, with warnings) in the upgrade of HDMI_AXI_LITE_HDMI_AXI_LITE_0_0 (xilinx.com:user:HDMI_AXI_LITE:1.0) from (Rev. 14) to (Rev. 15)

After upgrade, an IP may have parameter and port differences compared to the original customization. Please review the parameters within the IP customization GUI to ensure proper functionality. Also, please review the updated IP instantiation template to ensure proper connectivity, and update your design if required.

2. Interface Information
------------------------

Detected external interface differences while upgrading 'HDMI_AXI_LITE_HDMI_AXI_LITE_0_0'.


-Upgrade has added interface 'reset' (xilinx.com:signal:reset:1.0)


3. Connection Warnings
----------------------

Detected external port differences while upgrading 'HDMI_AXI_LITE_HDMI_AXI_LITE_0_0'. These changes may impact your design.


-Upgrade has removed port 'clk_100_d0'

-Upgrade has removed port 'clk_150_d0'

-Upgrade has removed port 'clk_150_d90'

-Upgrade has removed port 'clk_75_d0'

-Upgrade has removed port 'clk_75_d90'







Copyright 1986-2018 Xilinx, Inc. All Rights Reserved.
------------------------------------------------------------------------------------
| Tool Version : Vivado v.2018.2 (win64) Build 2258646 Thu Jun 14 20:03:12 MDT 2018
| Date         : Thu Jun 26 19:37:21 2025
| Host         : Chen running 64-bit major release  (build 9200)
| Command      : upgrade_ip
| Device       : xc7z020clg484-1
------------------------------------------------------------------------------------

Upgrade Log for IP 'HDMI_AXI_LITE_HDMI_AXI_LITE_0_0'

1. Summary
----------

SUCCESS in the upgrade of HDMI_AXI_LITE_HDMI_AXI_LITE_0_0 (xilinx.com:user:HDMI_AXI_LITE:1.0) from (Rev. 13) to (Rev. 14)






Copyright 1986-2018 Xilinx, Inc. All Rights Reserved.
------------------------------------------------------------------------------------
| Tool Version : Vivado v.2018.2 (win64) Build 2258646 Thu Jun 14 20:03:12 MDT 2018
| Date         : Thu Jun 26 11:55:38 2025
| Host         : Chen running 64-bit major release  (build 9200)
| Command      : upgrade_ip
| Device       : xc7z020clg484-1
------------------------------------------------------------------------------------

Upgrade Log for IP 'HDMI_AXI_LITE_HDMI_AXI_LITE_0_0'

1. Summary
----------

CAUTION (success, with warnings) in the upgrade of HDMI_AXI_LITE_HDMI_AXI_LITE_0_0 (xilinx.com:user:HDMI_AXI_LITE:1.0) from (Rev. 12) to (Rev. 13)

After upgrade, an IP may have parameter and port differences compared to the original customization. Please review the parameters within the IP customization GUI to ensure proper functionality. Also, please review the updated IP instantiation template to ensure proper connectivity, and update your design if required.

2. Interface Information
------------------------

Detected external interface differences while upgrading 'HDMI_AXI_LITE_HDMI_AXI_LITE_0_0'.


-Upgrade has removed interface 'reset'


3. Connection Warnings
----------------------

Detected external port differences while upgrading 'HDMI_AXI_LITE_HDMI_AXI_LITE_0_0'. These changes may impact your design.


-Upgrade has added port 'clk_100_d0'

-Upgrade has added port 'clk_150_d0'

-Upgrade has added port 'clk_150_d90'

-Upgrade has added port 'clk_75_d0'

-Upgrade has added port 'clk_75_d90'







Copyright 1986-2018 Xilinx, Inc. All Rights Reserved.
------------------------------------------------------------------------------------
| Tool Version : Vivado v.2018.2 (win64) Build 2258646 Thu Jun 14 20:03:12 MDT 2018
| Date         : Thu Jun 26 00:31:13 2025
| Host         : Chen running 64-bit major release  (build 9200)
| Command      : upgrade_ip
| Device       : xc7z020clg484-1
------------------------------------------------------------------------------------

Upgrade Log for IP 'HDMI_AXI_LITE_HDMI_AXI_LITE_0_0'

1. Summary
----------

SUCCESS in the upgrade of HDMI_AXI_LITE_HDMI_AXI_LITE_0_0 (xilinx.com:user:HDMI_AXI_LITE:1.0) from (Rev. 11) to (Rev. 12)






Copyright 1986-2018 Xilinx, Inc. All Rights Reserved.
------------------------------------------------------------------------------------
| Tool Version : Vivado v.2018.2 (win64) Build 2258646 Thu Jun 14 20:03:12 MDT 2018
| Date         : Thu Jun 26 00:18:08 2025
| Host         : Chen running 64-bit major release  (build 9200)
| Command      : upgrade_ip
| Device       : xc7z020clg484-1
------------------------------------------------------------------------------------

Upgrade Log for IP 'HDMI_AXI_LITE_HDMI_AXI_LITE_0_0'

1. Summary
----------

SUCCESS in the upgrade of HDMI_AXI_LITE_HDMI_AXI_LITE_0_0 (xilinx.com:user:HDMI_AXI_LITE:1.0) from (Rev. 10) to (Rev. 11)






Copyright 1986-2018 Xilinx, Inc. All Rights Reserved.
------------------------------------------------------------------------------------
| Tool Version : Vivado v.2018.2 (win64) Build 2258646 Thu Jun 14 20:03:12 MDT 2018
| Date         : Wed Jun 25 23:37:49 2025
| Host         : Chen running 64-bit major release  (build 9200)
| Command      : upgrade_ip
| Device       : xc7z020clg484-1
------------------------------------------------------------------------------------

Upgrade Log for IP 'HDMI_AXI_LITE_HDMI_AXI_LITE_0_0'

1. Summary
----------

SUCCESS in the upgrade of HDMI_AXI_LITE_HDMI_AXI_LITE_0_0 (xilinx.com:user:HDMI_AXI_LITE:1.0) from (Rev. 9) to (Rev. 10)






Copyright 1986-2018 Xilinx, Inc. All Rights Reserved.
------------------------------------------------------------------------------------
| Tool Version : Vivado v.2018.2 (win64) Build 2258646 Thu Jun 14 20:03:12 MDT 2018
| Date         : Wed Jun 25 23:07:12 2025
| Host         : Chen running 64-bit major release  (build 9200)
| Command      : upgrade_ip
| Device       : xc7z020clg484-1
------------------------------------------------------------------------------------

Upgrade Log for IP 'HDMI_AXI_LITE_HDMI_AXI_LITE_0_0'

1. Summary
----------

SUCCESS in the upgrade of HDMI_AXI_LITE_HDMI_AXI_LITE_0_0 (xilinx.com:user:HDMI_AXI_LITE:1.0) from (Rev. 8) to (Rev. 9)






Copyright 1986-2018 Xilinx, Inc. All Rights Reserved.
------------------------------------------------------------------------------------
| Tool Version : Vivado v.2018.2 (win64) Build 2258646 Thu Jun 14 20:03:12 MDT 2018
| Date         : Wed Jun 25 22:26:30 2025
| Host         : Chen running 64-bit major release  (build 9200)
| Command      : upgrade_ip
| Device       : xc7z020clg484-1
------------------------------------------------------------------------------------

Upgrade Log for IP 'HDMI_AXI_LITE_HDMI_AXI_LITE_0_0'

1. Summary
----------

SUCCESS in the upgrade of HDMI_AXI_LITE_HDMI_AXI_LITE_0_0 (xilinx.com:user:HDMI_AXI_LITE:1.0) from (Rev. 7) to (Rev. 8)






Copyright 1986-2018 Xilinx, Inc. All Rights Reserved.
------------------------------------------------------------------------------------
| Tool Version : Vivado v.2018.2 (win64) Build 2258646 Thu Jun 14 20:03:12 MDT 2018
| Date         : Wed Jun 25 22:04:04 2025
| Host         : Chen running 64-bit major release  (build 9200)
| Command      : upgrade_ip
| Device       : xc7z020clg484-1
------------------------------------------------------------------------------------

Upgrade Log for IP 'HDMI_AXI_LITE_HDMI_AXI_LITE_0_0'

1. Summary
----------

SUCCESS in the upgrade of HDMI_AXI_LITE_HDMI_AXI_LITE_0_0 (xilinx.com:user:HDMI_AXI_LITE:1.0) from (Rev. 6) to (Rev. 7)






Copyright 1986-2018 Xilinx, Inc. All Rights Reserved.
------------------------------------------------------------------------------------
| Tool Version : Vivado v.2018.2 (win64) Build 2258646 Thu Jun 14 20:03:12 MDT 2018
| Date         : Wed Jun 25 21:47:42 2025
| Host         : Chen running 64-bit major release  (build 9200)
| Command      : upgrade_ip
| Device       : xc7z020clg484-1
------------------------------------------------------------------------------------

Upgrade Log for IP 'HDMI_AXI_LITE_HDMI_AXI_LITE_0_0'

1. Summary
----------

SUCCESS in the upgrade of HDMI_AXI_LITE_HDMI_AXI_LITE_0_0 (xilinx.com:user:HDMI_AXI_LITE:1.0) from (Rev. 5) to (Rev. 6)






Copyright 1986-2018 Xilinx, Inc. All Rights Reserved.
------------------------------------------------------------------------------------
| Tool Version : Vivado v.2018.2 (win64) Build 2258646 Thu Jun 14 20:03:12 MDT 2018
| Date         : Wed Jun 25 21:32:10 2025
| Host         : Chen running 64-bit major release  (build 9200)
| Command      : upgrade_ip
| Device       : xc7z020clg484-1
------------------------------------------------------------------------------------

Upgrade Log for IP 'HDMI_AXI_LITE_HDMI_AXI_LITE_0_0'

1. Summary
----------

SUCCESS in the upgrade of HDMI_AXI_LITE_HDMI_AXI_LITE_0_0 (xilinx.com:user:HDMI_AXI_LITE:1.0) from (Rev. 4) to (Rev. 5)






Copyright 1986-2018 Xilinx, Inc. All Rights Reserved.
------------------------------------------------------------------------------------
| Tool Version : Vivado v.2018.2 (win64) Build 2258646 Thu Jun 14 20:03:12 MDT 2018
| Date         : Wed Jun 25 21:10:35 2025
| Host         : Chen running 64-bit major release  (build 9200)
| Command      : upgrade_ip
| Device       : xc7z020clg484-1
------------------------------------------------------------------------------------

Upgrade Log for IP 'HDMI_AXI_LITE_HDMI_AXI_LITE_0_0'

1. Summary
----------

SUCCESS in the upgrade of HDMI_AXI_LITE_HDMI_AXI_LITE_0_0 (xilinx.com:user:HDMI_AXI_LITE:1.0) from (Rev. 3) to (Rev. 4)






Copyright 1986-2018 Xilinx, Inc. All Rights Reserved.
------------------------------------------------------------------------------------
| Tool Version : Vivado v.2018.2 (win64) Build 2258646 Thu Jun 14 20:03:12 MDT 2018
| Date         : Wed Jun 25 20:20:02 2025
| Host         : Chen running 64-bit major release  (build 9200)
| Command      : upgrade_ip
| Device       : xc7z020clg484-1
------------------------------------------------------------------------------------

Upgrade Log for IP 'HDMI_AXI_LITE_HDMI_AXI_LITE_0_0'

1. Summary
----------

SUCCESS in the upgrade of HDMI_AXI_LITE_HDMI_AXI_LITE_0_0 (xilinx.com:user:HDMI_AXI_LITE:1.0) from (Rev. 2) to (Rev. 3)

