#-----------------------------------------------------------
# Vivado v2018.2 (64-bit)
# SW Build 2258646 on Thu Jun 14 20:03:12 MDT 2018
# IP Build 2256618 on Thu Jun 14 22:10:49 MDT 2018
# Start of session at: Sat Jul  5 17:30:59 2025
# Process ID: 55892
# Current directory: D:/WorkSpace/Vivado/HDMI_AXI_LAB
# Command line: vivado.exe -gui_launcher_event rodinguilauncherevent58076 D:\WorkSpace\Vivado\HDMI_AXI_LAB\HDMI_AXI_LAB.xpr
# Log file: D:/WorkSpace/Vivado/HDMI_AXI_LAB/vivado.log
# Journal file: D:/WorkSpace/Vivado/HDMI_AXI_LAB\vivado.jou
#-----------------------------------------------------------
start_gui
open_project D:/WorkSpace/Vivado/HDMI_AXI_LAB/HDMI_AXI_LAB.xpr
Scanning sources...
Finished scanning sources
INFO: [IP_Flow 19-234] Refreshing IP repositories
INFO: [IP_Flow 19-1700] Loaded user IP repository 'd:/WorkSpace/Vivado/ip_repo/HDMI_AXI_LITE_1.0'.
INFO: [IP_Flow 19-2313] Loaded Vivado IP repository 'D:/Program/Xilinx/Vivado/2018.2/data/ip'.
open_project: Time (s): cpu = 00:00:08 ; elapsed = 00:00:06 . Memory (MB): peak = 923.043 ; gain = 207.883
update_compile_order -fileset sources_1
open_hw
connect_hw_server
INFO: [Labtools 27-2285] Connecting to hw_server url TCP:localhost:3121
open_hw_target
INFO: [Labtoolstcl 44-466] Opening hw_target localhost:3121/xilinx_tcf/Digilent/210248AC8AE6
set_property PROGRAM.FILE {D:/WorkSpace/Vivado/HDMI_AXI_LAB/HDMI_AXI_LAB.runs/impl_1/HDMI_AXI_LITE_wrapper.bit} [get_hw_devices xc7z020_1]
current_hw_device [get_hw_devices xc7z020_1]
refresh_hw_device -update_hw_probes false [lindex [get_hw_devices xc7z020_1] 0]
INFO: [Labtools 27-2302] Device xc7z020 (JTAG device index = 1) is programmed with a design that has 1 ILA core(s).
set_property PROBES.FILE {} [get_hw_devices xc7z020_1]
set_property FULL_PROBES.FILE {} [get_hw_devices xc7z020_1]
set_property PROGRAM.FILE {D:/WorkSpace/Vivado/HDMI_AXI_LAB/HDMI_AXI_LAB.runs/impl_1/HDMI_AXI_LITE_wrapper.bit} [get_hw_devices xc7z020_1]
program_hw_devices [get_hw_devices xc7z020_1]
INFO: [Labtools 27-3164] End of startup status: HIGH
refresh_hw_device [lindex [get_hw_devices xc7z020_1] 0]
INFO: [Labtools 27-1434] Device xc7z020 (JTAG device index = 1) is programmed with a design that has no supported debug core(s) in it.
WARNING: [Labtools 27-3361] The debug hub core was not detected.
Resolution: 
1. Make sure the clock connected to the debug hub (dbg_hub) core is a free running clock and is active.
2. Make sure the BSCAN_SWITCH_USER_MASK device property in Vivado Hardware Manager reflects the user scan chain setting in the design and refresh the device.  To determine the user scan chain setting in the design, open the implemented design and use 'get_property C_USER_SCAN_CHAIN [get_debug_cores dbg_hub]'.
For more details on setting the scan chain property, consult the Vivado Debug and Programming User Guide (UG908).
open_bd_design {D:/WorkSpace/Vivado/HDMI_AXI_LAB/HDMI_AXI_LAB.srcs/sources_1/bd/HDMI_AXI_LITE/HDMI_AXI_LITE.bd}
Adding cell -- xilinx.com:ip:processing_system7:5.5 - processing_system7_0
Adding cell -- xilinx.com:ip:proc_sys_reset:5.0 - rst_ps7_0_100M
Adding cell -- xilinx.com:ip:axi_gpio:2.0 - axi_gpio_0
Adding cell -- xilinx.com:user:HDMI_AXI_LITE:1.0 - HDMI_AXI_LITE_0
Adding cell -- xilinx.com:ip:axi_crossbar:2.1 - xbar
Adding cell -- xilinx.com:ip:axi_protocol_converter:2.1 - auto_pc
Successfully read diagram <HDMI_AXI_LITE> from BD file <D:/WorkSpace/Vivado/HDMI_AXI_LAB/HDMI_AXI_LAB.srcs/sources_1/bd/HDMI_AXI_LITE/HDMI_AXI_LITE.bd>
ipx::edit_ip_in_project -upgrade true -name HDMI_AXI_LITE_v1_0_project -directory D:/WorkSpace/Vivado/HDMI_AXI_LAB/HDMI_AXI_LAB.tmp/HDMI_AXI_LITE_v1_0_project d:/WorkSpace/Vivado/ip_repo/HDMI_AXI_LITE_1.0/component.xml
INFO: [IP_Flow 19-234] Refreshing IP repositories
INFO: [IP_Flow 19-1704] No user IP repositories specified
INFO: [IP_Flow 19-2313] Loaded Vivado IP repository 'D:/Program/Xilinx/Vivado/2018.2/data/ip'.
INFO: [IP_Flow 19-234] Refreshing IP repositories
INFO: [IP_Flow 19-1700] Loaded user IP repository 'd:/WorkSpace/Vivado/ip_repo/HDMI_AXI_LITE_1.0'.
INFO: [IP_Flow 19-795] Syncing license key meta-data
update_compile_order -fileset sources_1
current_project HDMI_AXI_LAB
close_project
exit
INFO: [Common 17-206] Exiting Vivado at Sat Jul  5 18:18:21 2025...
