#-----------------------------------------------------------
# Vivado v2018.2 (64-bit)
# SW Build 2258646 on Thu Jun 14 20:03:12 MDT 2018
# IP Build 2256618 on Thu Jun 14 22:10:49 MDT 2018
# Start of session at: Sat Jul 12 21:30:10 2025
# Process ID: 8408
# Current directory: D:/WorkSpace/Vivado/HDMI_AXI_LAB
# Command line: vivado.exe -gui_launcher_event rodinguilauncherevent10548 D:\WorkSpace\Vivado\HDMI_AXI_LAB\HDMI_AXI_LAB.xpr
# Log file: D:/WorkSpace/Vivado/HDMI_AXI_LAB/vivado.log
# Journal file: D:/WorkSpace/Vivado/HDMI_AXI_LAB\vivado.jou
#-----------------------------------------------------------
start_gui
open_project D:/WorkSpace/Vivado/HDMI_AXI_LAB/HDMI_AXI_LAB.xpr
Scanning sources...
Finished scanning sources
INFO: [IP_Flow 19-234] Refreshing IP repositories
INFO: [IP_Flow 19-1700] Loaded user IP repository 'd:/WorkSpace/Vivado/ip_repo/HDMI_AXI_LITE_1.0'.
INFO: [IP_Flow 19-2313] Loaded Vivado IP repository 'D:/Program/Xilinx/Vivado/2018.2/data/ip'.
open_project: Time (s): cpu = 00:00:17 ; elapsed = 00:00:15 . Memory (MB): peak = 870.277 ; gain = 187.754
update_compile_order -fileset sources_1
open_bd_design {D:/WorkSpace/Vivado/HDMI_AXI_LAB/HDMI_AXI_LAB.srcs/sources_1/bd/HDMI_AXI_LITE/HDMI_AXI_LITE.bd}
Adding cell -- xilinx.com:ip:processing_system7:5.5 - processing_system7_0
Adding cell -- xilinx.com:ip:proc_sys_reset:5.0 - rst_ps7_0_100M
Adding cell -- xilinx.com:ip:axi_gpio:2.0 - axi_gpio_0
Adding cell -- xilinx.com:user:HDMI_AXI_LITE:1.0 - HDMI_AXI_LITE_0
Adding cell -- xilinx.com:ip:axi_crossbar:2.1 - xbar
Adding cell -- xilinx.com:ip:axi_protocol_converter:2.1 - auto_pc
Successfully read diagram <HDMI_AXI_LITE> from BD file <D:/WorkSpace/Vivado/HDMI_AXI_LAB/HDMI_AXI_LAB.srcs/sources_1/bd/HDMI_AXI_LITE/HDMI_AXI_LITE.bd>
WARNING: [IP_Flow 19-474] Invalid Parameter 'Component_Name'
exit
INFO: [Common 17-206] Exiting Vivado at Sat Jul 12 21:43:01 2025...
