Vivado Simulator 2018.2
Time resolution is 1 ps
 Block Memory Generator module loading initial data...
 Block Memory Generator data initialization complete.
Block Memory Generator module HDMI_AXI_LITE_wrapper.HDMI_AXI_LITE_i.HDMI_AXI_LITE_0.inst.HDMI_AXI_LITE_v1_0_S00_AXI_inst.zedboard_hdmi.color_gen.u_pic_rom.inst.native_mem_module.blk_mem_gen_v8_4_1_inst is using a behavioral model for simulation which will not precisely model memory collision behavior.
XilinxAXIVIP: Found at Path: HDMI_AXI_LITE_wrapper.HDMI_AXI_LITE_i.processing_system7_0.inst.M_AXI_GP0.master
[0] : *ZYNQ_VIP_INFO : M_AXI_GP0 : Port is ENABLED.
XilinxAXIVIP: Found at Path: HDMI_AXI_LITE_wrapper.HDMI_AXI_LITE_i.processing_system7_0.inst.M_AXI_GP1.master
[0] : *ZYNQ_VIP_INFO : M_AXI_GP1 : Port is DISABLED.
XilinxAXIVIP: Found at Path: HDMI_AXI_LITE_wrapper.HDMI_AXI_LITE_i.processing_system7_0.inst.S_AXI_GP0.slave
[0] : *ZYNQ_VIP_INFO : S_AXI_GP0 : Port is DISABLED.
XilinxAXIVIP: Found at Path: HDMI_AXI_LITE_wrapper.HDMI_AXI_LITE_i.processing_system7_0.inst.S_AXI_GP1.slave
[0] : *ZYNQ_VIP_INFO : S_AXI_GP1 : Port is DISABLED.
XilinxAXIVIP: Found at Path: HDMI_AXI_LITE_wrapper.HDMI_AXI_LITE_i.processing_system7_0.inst.S_AXI_HP0.slave
[0] : *ZYNQ_VIP_INFO : S_AXI_HP0 : Port is DISABLED.
XilinxAXIVIP: Found at Path: HDMI_AXI_LITE_wrapper.HDMI_AXI_LITE_i.processing_system7_0.inst.S_AXI_HP1.slave
[0] : *ZYNQ_VIP_INFO : S_AXI_HP1 : Port is DISABLED.
XilinxAXIVIP: Found at Path: HDMI_AXI_LITE_wrapper.HDMI_AXI_LITE_i.processing_system7_0.inst.S_AXI_HP2.slave
[0] : *ZYNQ_VIP_INFO : S_AXI_HP2 : Port is DISABLED.
XilinxAXIVIP: Found at Path: HDMI_AXI_LITE_wrapper.HDMI_AXI_LITE_i.processing_system7_0.inst.S_AXI_HP3.slave
[0] : *ZYNQ_VIP_INFO : S_AXI_HP3 : Port is DISABLED.
XilinxAXIVIP: Found at Path: HDMI_AXI_LITE_wrapper.HDMI_AXI_LITE_i.processing_system7_0.inst.S_AXI_ACP.slave
[0] : *ZYNQ_VIP_INFO : S_AXI_ACP : Port is DISABLED.
