#-----------------------------------------------------------
# Webtalk v2018.2 (64-bit)
# SW Build 2258646 on Thu Jun 14 20:03:12 MDT 2018
# 
# Start of session at: Sun Jun 29 20:50:24 2025
# Process ID: 5664
# Current directory: D:/WorkSpace/Vivado/HDMI_AXI_FULL/HDMI_AXI_FULL.sdk/webtalk
# Command line: wbtcv.exe -mode batch -source sdk_webtalk.tcl
# Log file: D:/WorkSpace/Vivado/HDMI_AXI_FULL/HDMI_AXI_FULL.sdk/webtalk/webtalk.log
# Journal file: D:/WorkSpace/Vivado/HDMI_AXI_FULL/HDMI_AXI_FULL.sdk/webtalk\webtalk.jou
#-----------------------------------------------------------
source sdk_webtalk.tcl
# webtalk_init -webtalk_dir D:\\WorkSpace\\Vivado\\HDMI_AXI_FULL\\HDMI_AXI_FULL.sdk\\webtalk
# webtalk_register_client -client project
# webtalk_add_data -client project -key date_generated -value "2025-06-29 20:50:23" -context "software_version_and_target_device"
# webtalk_add_data -client project -key product_version -value "SDK v2018.2" -context "software_version_and_target_device"
# webtalk_add_data -client project -key build_version -value "2018.2" -context "software_version_and_target_device"
# webtalk_add_data -client project -key os_platform -value "amd64" -context "software_version_and_target_device"
# webtalk_add_data -client project -key registration_id -value "" -context "software_version_and_target_device"
# webtalk_add_data -client project -key tool_flow -value "SDK" -context "software_version_and_target_device"
# webtalk_add_data -client project -key beta -value "false" -context "software_version_and_target_device"
# webtalk_add_data -client project -key route_design -value "NA" -context "software_version_and_target_device"
# webtalk_add_data -client project -key target_family -value "NA" -context "software_version_and_target_device"
# webtalk_add_data -client project -key target_device -value "NA" -context "software_version_and_target_device"
# webtalk_add_data -client project -key target_package -value "NA" -context "software_version_and_target_device"
# webtalk_add_data -client project -key target_speed -value "NA" -context "software_version_and_target_device"
# webtalk_add_data -client project -key random_id -value "r631030jpqoustm3r58e6s5vp4" -context "software_version_and_target_device"
# webtalk_add_data -client project -key project_id -value "2018.2_5" -context "software_version_and_target_device"
# webtalk_add_data -client project -key project_iteration -value "5" -context "software_version_and_target_device"
# webtalk_add_data -client project -key os_name -value "Microsoft Windows 8 or later , 64-bit" -context "user_environment"
# webtalk_add_data -client project -key os_release -value "major release  (build 9200)" -context "user_environment"
# webtalk_add_data -client project -key cpu_name -value "AMD Ryzen 7 7840HS with Radeon 780M Graphics   " -context "user_environment"
# webtalk_add_data -client project -key cpu_speed -value "3793 MHz" -context "user_environment"
# webtalk_add_data -client project -key total_processors -value "1" -context "user_environment"
# webtalk_add_data -client project -key system_ram -value "29.734 GB" -context "user_environment"
# webtalk_register_client -client sdk
# webtalk_add_data -client sdk -key uid -value "1751190859835" -context "sdk\\\\bsp/1751190859835"
# webtalk_add_data -client sdk -key hwid -value "1751181638936" -context "sdk\\\\bsp/1751190859835"
# webtalk_add_data -client sdk -key os -value "standalone" -context "sdk\\\\bsp/1751190859835"
# webtalk_add_data -client sdk -key apptemplate -value "hello_world" -context "sdk\\\\bsp/1751190859835"
# webtalk_add_data -client sdk -key RecordType -value "BSPCreation" -context "sdk\\\\bsp/1751190859835"
# webtalk_add_data -client sdk -key uid -value "1751190860922" -context "sdk\\\\application/1751190860922"
# webtalk_add_data -client sdk -key hwid -value "1751181638936" -context "sdk\\\\application/1751190860922"
# webtalk_add_data -client sdk -key bspid -value "1751190859835" -context "sdk\\\\application/1751190860922"
# webtalk_add_data -client sdk -key newbsp -value "true" -context "sdk\\\\application/1751190860922"
# webtalk_add_data -client sdk -key os -value "standalone" -context "sdk\\\\application/1751190860922"
# webtalk_add_data -client sdk -key apptemplate -value "hello_world" -context "sdk\\\\application/1751190860922"
# webtalk_add_data -client sdk -key RecordType -value "APPCreation" -context "sdk\\\\application/1751190860922"
# webtalk_add_data -client sdk -key LangUsed -value "C" -context "sdk\\\\application/1751190860922"
# webtalk_add_data -client sdk -key Procused -value "ps7_cortexa9" -context "sdk\\\\application/1751190860922"
# webtalk_add_data -client sdk -key projSize -value "458.8203125" -context "sdk\\\\application/1751190860922"
# webtalk_add_data -client sdk -key uid -value "NA" -context "sdk\\\\bsp/1751201423474"
# webtalk_add_data -client sdk -key RecordType -value "ToolUsage" -context "sdk\\\\bsp/1751201423474"
# webtalk_add_data -client sdk -key BootgenCount -value "0" -context "sdk\\\\bsp/1751201423474"
# webtalk_add_data -client sdk -key DebugCount -value "36" -context "sdk\\\\bsp/1751201423474"
# webtalk_add_data -client sdk -key PerfCount -value "0" -context "sdk\\\\bsp/1751201423474"
# webtalk_add_data -client sdk -key FlashCount -value "0" -context "sdk\\\\bsp/1751201423474"
# webtalk_add_data -client sdk -key CrossTriggCount -value "0" -context "sdk\\\\bsp/1751201423474"
# webtalk_add_data -client sdk -key QemuDebugCount -value "0" -context "sdk\\\\bsp/1751201423474"
# webtalk_transmit -clientid 2794495703 -regid "" -xml D:\\WorkSpace\\Vivado\\HDMI_AXI_FULL\\HDMI_AXI_FULL.sdk\\webtalk\\usage_statistics_ext_sdk.xml -html D:\\WorkSpace\\Vivado\\HDMI_AXI_FULL\\HDMI_AXI_FULL.sdk\\webtalk\\usage_statistics_ext_sdk.html -wdm D:\\WorkSpace\\Vivado\\HDMI_AXI_FULL\\HDMI_AXI_FULL.sdk\\webtalk\\sdk_webtalk.wdm -intro "<H3>SDK Usage Report</H3><BR>"
# webtalk_terminate
INFO: [Common 17-206] Exiting Webtalk at Sun Jun 29 20:50:28 2025...
