14:13:47 **** Incremental Build of configuration Debug for project HDMI_AXI_FULL ****
make pre-build main-build 
a9-linaro-pre-build-step
' '
make: Nothing to be done for `main-build'.
14:13:49 **** Incremental Build of configuration Debug for project HDMI_AXI_FULL ****
make pre-build main-build 
a9-linaro-pre-build-step
' '
make: Nothing to be done for `main-build'.
17:38:51 **** Incremental Build of configuration Debug for project HDMI_AXI_FULL ****
make pre-build main-build 
a9-linaro-pre-build-step
' '
make: Nothing to be done for `main-build'.
17:38:52 **** Incremental Build of configuration Debug for project HDMI_AXI_FULL ****
make pre-build main-build 
a9-linaro-pre-build-step
' '
make: Nothing to be done for `main-build'.
17:39:10 **** Incremental Build of configuration Debug for project HDMI_AXI_FULL ****
make pre-build main-build 
a9-linaro-pre-build-step
' '
make: Nothing to be done for `main-build'.
17:40:16 **** Incremental Build of configuration Debug for project HDMI_AXI_FULL ****
make pre-build main-build 
a9-linaro-pre-build-step
' '
make: Nothing to be done for `main-build'.
