Copyright 1986-2018 Xilinx, Inc. All Rights Reserved.
------------------------------------------------------------------------------------
| Tool Version : Vivado v.2018.2 (win64) Build 2258646 Thu Jun 14 20:03:12 MDT 2018
| Date         : Sun Jun 29 18:53:14 2025
| Host         : Chen running 64-bit major release  (build 9200)
| Command      : upgrade_ip
| Device       : xc7z020clg484-1
------------------------------------------------------------------------------------

Upgrade Log for IP 'HDMI_AXI_FULL_HDMI_AXI_FULL_0_0'

1. Summary
----------

SUCCESS in the upgrade of HDMI_AXI_FULL_HDMI_AXI_FULL_0_0 (xilinx.com:user:HDMI_AXI_FULL:2.0) from (Rev. 15) to (Rev. 16)






Copyright 1986-2018 Xilinx, Inc. All Rights Reserved.
------------------------------------------------------------------------------------
| Tool Version : Vivado v.2018.2 (win64) Build 2258646 Thu Jun 14 20:03:12 MDT 2018
| Date         : Sun Jun 29 18:42:38 2025
| Host         : Chen running 64-bit major release  (build 9200)
| Command      : upgrade_ip
| Device       : xc7z020clg484-1
------------------------------------------------------------------------------------

Upgrade Log for IP 'HDMI_AXI_FULL_HDMI_AXI_FULL_0_0'

1. Summary
----------

SUCCESS in the upgrade of HDMI_AXI_FULL_HDMI_AXI_FULL_0_0 (xilinx.com:user:HDMI_AXI_FULL:2.0) from (Rev. 14) to (Rev. 15)






Copyright 1986-2018 Xilinx, Inc. All Rights Reserved.
------------------------------------------------------------------------------------
| Tool Version : Vivado v.2018.2 (win64) Build 2258646 Thu Jun 14 20:03:12 MDT 2018
| Date         : Sun Jun 29 18:24:13 2025
| Host         : Chen running 64-bit major release  (build 9200)
| Command      : upgrade_ip
| Device       : xc7z020clg484-1
------------------------------------------------------------------------------------

Upgrade Log for IP 'HDMI_AXI_FULL_HDMI_AXI_FULL_0_0'

1. Summary
----------

SUCCESS in the upgrade of HDMI_AXI_FULL_HDMI_AXI_FULL_0_0 (xilinx.com:user:HDMI_AXI_FULL:2.0) from (Rev. 13) to (Rev. 14)






Copyright 1986-2018 Xilinx, Inc. All Rights Reserved.
------------------------------------------------------------------------------------
| Tool Version : Vivado v.2018.2 (win64) Build 2258646 Thu Jun 14 20:03:12 MDT 2018
| Date         : Sun Jun 29 16:10:01 2025
| Host         : Chen running 64-bit major release  (build 9200)
| Command      : upgrade_ip
| Device       : xc7z020clg484-1
------------------------------------------------------------------------------------

Upgrade Log for IP 'HDMI_AXI_FULL_HDMI_AXI_FULL_0_0'

1. Summary
----------

SUCCESS in the upgrade of HDMI_AXI_FULL_HDMI_AXI_FULL_0_0 (xilinx.com:user:HDMI_AXI_FULL:2.0) from (Rev. 12) to (Rev. 13)






Copyright 1986-2018 Xilinx, Inc. All Rights Reserved.
------------------------------------------------------------------------------------
| Tool Version : Vivado v.2018.2 (win64) Build 2258646 Thu Jun 14 20:03:12 MDT 2018
| Date         : Sun Jun 29 15:51:36 2025
| Host         : Chen running 64-bit major release  (build 9200)
| Command      : upgrade_ip
| Device       : xc7z020clg484-1
------------------------------------------------------------------------------------

Upgrade Log for IP 'HDMI_AXI_FULL_HDMI_AXI_FULL_0_0'

1. Summary
----------

SUCCESS in the upgrade of HDMI_AXI_FULL_HDMI_AXI_FULL_0_0 (xilinx.com:user:HDMI_AXI_FULL:2.0) from (Rev. 11) to (Rev. 12)






Copyright 1986-2018 Xilinx, Inc. All Rights Reserved.
------------------------------------------------------------------------------------
| Tool Version : Vivado v.2018.2 (win64) Build 2258646 Thu Jun 14 20:03:12 MDT 2018
| Date         : Sun Jun 29 14:04:37 2025
| Host         : Chen running 64-bit major release  (build 9200)
| Command      : upgrade_ip
| Device       : xc7z020clg484-1
------------------------------------------------------------------------------------

Upgrade Log for IP 'HDMI_AXI_FULL_HDMI_AXI_FULL_0_0'

1. Summary
----------

SUCCESS in the upgrade of HDMI_AXI_FULL_HDMI_AXI_FULL_0_0 (xilinx.com:user:HDMI_AXI_FULL:2.0) from (Rev. 10) to (Rev. 11)






Copyright 1986-2018 Xilinx, Inc. All Rights Reserved.
------------------------------------------------------------------------------------
| Tool Version : Vivado v.2018.2 (win64) Build 2258646 Thu Jun 14 20:03:12 MDT 2018
| Date         : Sat Jun 28 23:21:25 2025
| Host         : Chen running 64-bit major release  (build 9200)
| Command      : upgrade_ip
| Device       : xc7z020clg484-1
------------------------------------------------------------------------------------

Upgrade Log for IP 'HDMI_AXI_FULL_HDMI_AXI_FULL_0_0'

1. Summary
----------

SUCCESS in the upgrade of HDMI_AXI_FULL_HDMI_AXI_FULL_0_0 (xilinx.com:user:HDMI_AXI_FULL:2.0) from (Rev. 9) to (Rev. 10)






Copyright 1986-2018 Xilinx, Inc. All Rights Reserved.
------------------------------------------------------------------------------------
| Tool Version : Vivado v.2018.2 (win64) Build 2258646 Thu Jun 14 20:03:12 MDT 2018
| Date         : Sat Jun 28 22:10:28 2025
| Host         : Chen running 64-bit major release  (build 9200)
| Command      : upgrade_ip
| Device       : xc7z020clg484-1
------------------------------------------------------------------------------------

Upgrade Log for IP 'HDMI_AXI_FULL_HDMI_AXI_FULL_0_0'

1. Summary
----------

SUCCESS in the upgrade of HDMI_AXI_FULL_HDMI_AXI_FULL_0_0 (xilinx.com:user:HDMI_AXI_FULL:2.0) from (Rev. 8) to (Rev. 9)






Copyright 1986-2018 Xilinx, Inc. All Rights Reserved.
------------------------------------------------------------------------------------
| Tool Version : Vivado v.2018.2 (win64) Build 2258646 Thu Jun 14 20:03:12 MDT 2018
| Date         : Sat Jun 28 22:09:16 2025
| Host         : Chen running 64-bit major release  (build 9200)
| Command      : upgrade_ip
| Device       : xc7z020clg484-1
------------------------------------------------------------------------------------

Upgrade Log for IP 'HDMI_AXI_FULL_HDMI_AXI_FULL_0_0'

1. Summary
----------

SUCCESS in the upgrade of HDMI_AXI_FULL_HDMI_AXI_FULL_0_0 (xilinx.com:user:HDMI_AXI_FULL:2.0) from (Rev. 7) to (Rev. 8)






Copyright 1986-2018 Xilinx, Inc. All Rights Reserved.
------------------------------------------------------------------------------------
| Tool Version : Vivado v.2018.2 (win64) Build 2258646 Thu Jun 14 20:03:12 MDT 2018
| Date         : Sat Jun 28 20:43:35 2025
| Host         : Chen running 64-bit major release  (build 9200)
| Command      : upgrade_ip
| Device       : xc7z020clg484-1
------------------------------------------------------------------------------------

Upgrade Log for IP 'HDMI_AXI_FULL_HDMI_AXI_FULL_0_0'

1. Summary
----------

SUCCESS in the upgrade of HDMI_AXI_FULL_HDMI_AXI_FULL_0_0 (xilinx.com:user:HDMI_AXI_FULL:2.0) from (Rev. 6) to (Rev. 7)






Copyright 1986-2018 Xilinx, Inc. All Rights Reserved.
------------------------------------------------------------------------------------
| Tool Version : Vivado v.2018.2 (win64) Build 2258646 Thu Jun 14 20:03:12 MDT 2018
| Date         : Sat Jun 28 20:11:44 2025
| Host         : Chen running 64-bit major release  (build 9200)
| Command      : upgrade_ip
| Device       : xc7z020clg484-1
------------------------------------------------------------------------------------

Upgrade Log for IP 'HDMI_AXI_FULL_HDMI_AXI_FULL_0_0'

1. Summary
----------

SUCCESS in the upgrade of HDMI_AXI_FULL_HDMI_AXI_FULL_0_0 (xilinx.com:user:HDMI_AXI_FULL:2.0) from (Rev. 5) to (Rev. 6)






Copyright 1986-2018 Xilinx, Inc. All Rights Reserved.
------------------------------------------------------------------------------------
| Tool Version : Vivado v.2018.2 (win64) Build 2258646 Thu Jun 14 20:03:12 MDT 2018
| Date         : Sat Jun 28 20:03:08 2025
| Host         : Chen running 64-bit major release  (build 9200)
| Command      : upgrade_ip
| Device       : xc7z020clg484-1
------------------------------------------------------------------------------------

Upgrade Log for IP 'HDMI_AXI_FULL_HDMI_AXI_FULL_0_0'

1. Summary
----------

SUCCESS in the upgrade of HDMI_AXI_FULL_HDMI_AXI_FULL_0_0 (xilinx.com:user:HDMI_AXI_FULL:2.0) from (Rev. 4) to (Rev. 5)






Copyright 1986-2018 Xilinx, Inc. All Rights Reserved.
------------------------------------------------------------------------------------
| Tool Version : Vivado v.2018.2 (win64) Build 2258646 Thu Jun 14 20:03:12 MDT 2018
| Date         : Sat Jun 28 19:57:52 2025
| Host         : Chen running 64-bit major release  (build 9200)
| Command      : upgrade_ip
| Device       : xc7z020clg484-1
------------------------------------------------------------------------------------

Upgrade Log for IP 'HDMI_AXI_FULL_HDMI_AXI_FULL_0_0'

1. Summary
----------

SUCCESS in the upgrade of HDMI_AXI_FULL_HDMI_AXI_FULL_0_0 (xilinx.com:user:HDMI_AXI_FULL:2.0) from (Rev. 3) to (Rev. 4)






Copyright 1986-2018 Xilinx, Inc. All Rights Reserved.
------------------------------------------------------------------------------------
| Tool Version : Vivado v.2018.2 (win64) Build 2258646 Thu Jun 14 20:03:12 MDT 2018
| Date         : Sat Jun 28 14:52:23 2025
| Host         : Chen running 64-bit major release  (build 9200)
| Command      : upgrade_ip
| Device       : xc7z020clg484-1
------------------------------------------------------------------------------------

Upgrade Log for IP 'HDMI_AXI_FULL_HDMI_AXI_FULL_0_0'

1. Summary
----------

SUCCESS in the upgrade of HDMI_AXI_FULL_HDMI_AXI_FULL_0_0 (xilinx.com:user:HDMI_AXI_FULL:2.0) from (Rev. 2) to (Rev. 3)






Copyright 1986-2018 Xilinx, Inc. All Rights Reserved.
------------------------------------------------------------------------------------
| Tool Version : Vivado v.2018.2 (win64) Build 2258646 Thu Jun 14 20:03:12 MDT 2018
| Date         : Sat Jun 28 14:47:02 2025
| Host         : Chen running 64-bit major release  (build 9200)
| Command      : upgrade_ip
| Device       : xc7z020clg484-1
------------------------------------------------------------------------------------

Upgrade Log for IP 'HDMI_AXI_FULL_HDMI_AXI_FULL_0_0'

1. Summary
----------

CAUTION (success, with warnings) in the upgrade of HDMI_AXI_FULL_HDMI_AXI_FULL_0_0 (xilinx.com:user:HDMI_AXI_FULL:2.0) from (Rev. 1) to (Rev. 2)

After upgrade, an IP may have parameter and port differences compared to the original customization. Please review the parameters within the IP customization GUI to ensure proper functionality. Also, please review the updated IP instantiation template to ensure proper connectivity, and update your design if required.

2. Connection Warnings
----------------------

Detected external port differences while upgrading 'HDMI_AXI_FULL_HDMI_AXI_FULL_0_0'. These changes may impact your design.


-Upgrade has added port 'hdmi_clk'

-Upgrade has added port 'hdmi_d'

-Upgrade has added port 'hdmi_de'

-Upgrade has added port 'hdmi_hsync'

-Upgrade has added port 'hdmi_scl'

-Upgrade has added port 'hdmi_sda'

-Upgrade has added port 'hdmi_vsync'

-Upgrade has added port 'txn_request'


